[ 2013-11-27T12:13:47+08:00 ] 192.168.23.100 /myt/index.php/Task/auto_update_task_process/tid/myt/
INFO: [ app_begin ] --START--
INFO: Run ReadHtmlCache Behavior [ RunTime:0.001195s ]
INFO: [ app_begin ] --END-- [ RunTime:0.001636s ]
SQL: SHOW COLUMNS FROM `task_lib` [ RunTime:0.002824s ]
SQL: SELECT * FROM `task_lib` WHERE ( `T_id` = 0 ) LIMIT 1   [ RunTime:0.000699s ]
SQL: SELECT * FROM `task_lib` WHERE ( `T_id` = 0 ) LIMIT 1   [ RunTime:0.000236s ]
SQL: UPDATE `task_lib` SET `T_process`='[]' WHERE ( T_id=myt ) [ RunTime:0.000217s ]
ERR: Unknown column 'myt' in 'where clause'
 [ SQL语句 ] : UPDATE `task_lib` SET `T_process`='[]' WHERE ( T_id=myt )

[ 2013-11-27T12:13:47+08:00 ] 192.168.23.100 /myt/index.php/Lib/show_task_process/tid/myt/
INFO: [ app_begin ] --START--
INFO: Run ReadHtmlCache Behavior [ RunTime:0.001520s ]
INFO: [ app_begin ] --END-- [ RunTime:0.001899s ]
SQL: SHOW COLUMNS FROM `task_lib` [ RunTime:0.001698s ]
SQL: SELECT `T_process` FROM `task_lib` WHERE ( T_id = myt ) LIMIT 1   [ RunTime:0.000344s ]
ERR: Unknown column 'myt' in 'where clause'
 [ SQL语句 ] : SELECT `T_process` FROM `task_lib` WHERE ( T_id = myt ) LIMIT 1  
NOTIC: [8] Undefined index:  start_time D:\www\myhome.cn\myt\Lib\Action\LibAction.class.php 第 534 行.
NOTIC: [8] Undefined index:  done_time D:\www\myhome.cn\myt\Lib\Action\LibAction.class.php 第 535 行.
NOTIC: [8] Undefined index:  forgo_time D:\www\myhome.cn\myt\Lib\Action\LibAction.class.php 第 536 行.

[ 2013-11-27T12:13:49+08:00 ] 192.168.23.100 /myt/index.php/Lib/show_task_process/tid/myt/
INFO: [ app_begin ] --START--
INFO: Run ReadHtmlCache Behavior [ RunTime:0.001145s ]
INFO: [ app_begin ] --END-- [ RunTime:0.001583s ]
SQL: SHOW COLUMNS FROM `task_lib` [ RunTime:0.002843s ]
SQL: SELECT `T_process` FROM `task_lib` WHERE ( T_id = myt ) LIMIT 1   [ RunTime:0.001201s ]
ERR: Unknown column 'myt' in 'where clause'
 [ SQL语句 ] : SELECT `T_process` FROM `task_lib` WHERE ( T_id = myt ) LIMIT 1  
NOTIC: [8] Undefined index:  start_time D:\www\myhome.cn\myt\Lib\Action\LibAction.class.php 第 534 行.
NOTIC: [8] Undefined index:  done_time D:\www\myhome.cn\myt\Lib\Action\LibAction.class.php 第 535 行.
NOTIC: [8] Undefined index:  forgo_time D:\www\myhome.cn\myt\Lib\Action\LibAction.class.php 第 536 行.

[ 2013-11-27T12:13:49+08:00 ] 192.168.23.100 /myt/index.php/Task/auto_update_task_process/tid/myt/
INFO: [ app_begin ] --START--
INFO: Run ReadHtmlCache Behavior [ RunTime:0.001058s ]
INFO: [ app_begin ] --END-- [ RunTime:0.001441s ]
SQL: SHOW COLUMNS FROM `task_lib` [ RunTime:0.001584s ]
SQL: SELECT * FROM `task_lib` WHERE ( `T_id` = 0 ) LIMIT 1   [ RunTime:0.000313s ]
SQL: SELECT * FROM `task_lib` WHERE ( `T_id` = 0 ) LIMIT 1   [ RunTime:0.000229s ]
SQL: UPDATE `task_lib` SET `T_process`='[]' WHERE ( T_id=myt ) [ RunTime:0.000206s ]
ERR: Unknown column 'myt' in 'where clause'
 [ SQL语句 ] : UPDATE `task_lib` SET `T_process`='[]' WHERE ( T_id=myt )

[ 2013-11-27T12:13:50+08:00 ] 192.168.23.100 /myt/index.php/Lib/show_task_process/tid/251/
INFO: [ app_begin ] --START--
INFO: Run ReadHtmlCache Behavior [ RunTime:0.001093s ]
INFO: [ app_begin ] --END-- [ RunTime:0.001482s ]
SQL: SHOW COLUMNS FROM `task_lib` [ RunTime:0.001628s ]
SQL: SELECT `T_process` FROM `task_lib` WHERE ( T_id = 251 ) LIMIT 1   [ RunTime:0.000232s ]

[ 2013-11-27T12:13:50+08:00 ] 192.168.23.100 /myt/index.php/Task/auto_update_task_process/tid/251/
INFO: [ app_begin ] --START--
INFO: Run ReadHtmlCache Behavior [ RunTime:0.001783s ]
INFO: [ app_begin ] --END-- [ RunTime:0.002158s ]
SQL: SHOW COLUMNS FROM `task_lib` [ RunTime:0.001574s ]
SQL: SELECT * FROM `task_lib` WHERE ( `T_id` = 251 ) LIMIT 1   [ RunTime:0.000318s ]
SQL: SELECT * FROM `task_lib` WHERE ( `T_id` = 251 ) LIMIT 1   [ RunTime:0.000279s ]
SQL: UPDATE `task_lib` SET `T_process`='{\"exp_total_time\":60,\"exp_start_time\":1381806900,\"exp_end_time\":1381806960,\"run_total_time\":0,\"run_start_time\":0,\"run_end_time\":0,\"pause_total_time\":0,\"pause_start_time\":0,\"pause_end_time\":0,\"wait_total_time\":0,\"wait_start_time\":0,\"wait_end_time\":0,\"stop_total_time\":0,\"stop_start_time\":0,\"stop_end_time\":0,\"start_time\":0,\"done_time\":0,\"forgo_time\":0}' WHERE ( T_id=251 ) [ RunTime:0.082906s ]

[ 2013-11-27T12:13:55+08:00 ] 192.168.23.100 /myt/index.php/Task/auto_update_task_process/tid/245/
INFO: [ app_begin ] --START--
INFO: Run ReadHtmlCache Behavior [ RunTime:0.001142s ]
INFO: [ app_begin ] --END-- [ RunTime:0.001531s ]
SQL: SHOW COLUMNS FROM `task_lib` [ RunTime:0.002530s ]
SQL: SELECT * FROM `task_lib` WHERE ( `T_id` = 245 ) LIMIT 1   [ RunTime:0.000675s ]
SQL: SELECT * FROM `task_lib` WHERE ( `T_id` = 245 ) LIMIT 1   [ RunTime:0.000291s ]
SQL: UPDATE `task_lib` SET `T_process`='{\"exp_total_time\":60,\"exp_start_time\":1381806840,\"exp_end_time\":1381806900,\"run_total_time\":0,\"run_start_time\":0,\"run_end_time\":0,\"pause_total_time\":0,\"pause_start_time\":0,\"pause_end_time\":0,\"wait_total_time\":0,\"wait_start_time\":0,\"wait_end_time\":0,\"stop_total_time\":0,\"stop_start_time\":0,\"stop_end_time\":0,\"start_time\":0,\"done_time\":0,\"forgo_time\":0}' WHERE ( T_id=245 ) [ RunTime:0.056206s ]

[ 2013-11-27T12:13:55+08:00 ] 192.168.23.100 /myt/index.php/Lib/show_task_process/tid/245/
INFO: [ app_begin ] --START--
INFO: Run ReadHtmlCache Behavior [ RunTime:0.001148s ]
INFO: [ app_begin ] --END-- [ RunTime:0.001504s ]
SQL: SHOW COLUMNS FROM `task_lib` [ RunTime:0.001686s ]
SQL: SELECT `T_process` FROM `task_lib` WHERE ( T_id = 245 ) LIMIT 1   [ RunTime:0.000291s ]

[ 2013-11-27T12:13:58+08:00 ] 192.168.23.100 /myt/index.php/Task/auto_update_task_process/tid/244/
INFO: [ app_begin ] --START--
INFO: Run ReadHtmlCache Behavior [ RunTime:0.001216s ]
INFO: [ app_begin ] --END-- [ RunTime:0.001611s ]
SQL: SHOW COLUMNS FROM `task_lib` [ RunTime:0.002465s ]
SQL: SELECT * FROM `task_lib` WHERE ( `T_id` = 244 ) LIMIT 1   [ RunTime:0.000710s ]
SQL: SELECT * FROM `task_lib` WHERE ( `T_id` = 244 ) LIMIT 1   [ RunTime:0.000303s ]
SQL: UPDATE `task_lib` SET `T_process`='{\"exp_total_time\":60,\"exp_start_time\":1381806840,\"exp_end_time\":1381806900,\"run_total_time\":0,\"run_start_time\":0,\"run_end_time\":0,\"pause_total_time\":0,\"pause_start_time\":0,\"pause_end_time\":0,\"wait_total_time\":0,\"wait_start_time\":0,\"wait_end_time\":0,\"stop_total_time\":0,\"stop_start_time\":0,\"stop_end_time\":0,\"start_time\":0,\"done_time\":0,\"forgo_time\":0}' WHERE ( T_id=244 ) [ RunTime:0.038427s ]

[ 2013-11-27T12:13:58+08:00 ] 192.168.23.100 /myt/index.php/Lib/show_task_process/tid/244/
INFO: [ app_begin ] --START--
INFO: Run ReadHtmlCache Behavior [ RunTime:0.001161s ]
INFO: [ app_begin ] --END-- [ RunTime:0.001553s ]
SQL: SHOW COLUMNS FROM `task_lib` [ RunTime:0.001730s ]
SQL: SELECT `T_process` FROM `task_lib` WHERE ( T_id = 244 ) LIMIT 1   [ RunTime:0.000470s ]

[ 2013-11-27T12:14:09+08:00 ] 192.168.23.100 /myt/index.php/Task/auto_update_task_process/tid/243/
INFO: [ app_begin ] --START--
INFO: Run ReadHtmlCache Behavior [ RunTime:0.001282s ]
INFO: [ app_begin ] --END-- [ RunTime:0.001757s ]
SQL: SHOW COLUMNS FROM `task_lib` [ RunTime:0.001720s ]
SQL: SELECT * FROM `task_lib` WHERE ( `T_id` = 243 ) LIMIT 1   [ RunTime:0.000334s ]
SQL: SELECT * FROM `task_lib` WHERE ( `T_id` = 243 ) LIMIT 1   [ RunTime:0.000282s ]
SQL: UPDATE `task_lib` SET `T_process`='{\"exp_total_time\":60,\"exp_start_time\":1381806840,\"exp_end_time\":1381806900,\"run_total_time\":0,\"run_start_time\":0,\"run_end_time\":0,\"pause_total_time\":0,\"pause_start_time\":0,\"pause_end_time\":0,\"wait_total_time\":0,\"wait_start_time\":0,\"wait_end_time\":0,\"stop_total_time\":0,\"stop_start_time\":0,\"stop_end_time\":0,\"start_time\":0,\"done_time\":0,\"forgo_time\":0}' WHERE ( T_id=243 ) [ RunTime:0.022026s ]

[ 2013-11-27T12:14:09+08:00 ] 192.168.23.100 /myt/index.php/Lib/show_task_process/tid/243/
INFO: [ app_begin ] --START--
INFO: Run ReadHtmlCache Behavior [ RunTime:0.001258s ]
INFO: [ app_begin ] --END-- [ RunTime:0.001803s ]
SQL: SHOW COLUMNS FROM `task_lib` [ RunTime:0.001689s ]
SQL: SELECT `T_process` FROM `task_lib` WHERE ( T_id = 243 ) LIMIT 1   [ RunTime:0.000301s ]

[ 2013-11-27T12:14:18+08:00 ] 192.168.23.100 /myt/index.php/Task/auto_update_task_process/tid/243/
INFO: [ app_begin ] --START--
INFO: Run ReadHtmlCache Behavior [ RunTime:0.001073s ]
INFO: [ app_begin ] --END-- [ RunTime:0.001510s ]
SQL: SHOW COLUMNS FROM `task_lib` [ RunTime:0.002486s ]
SQL: SELECT * FROM `task_lib` WHERE ( `T_id` = 243 ) LIMIT 1   [ RunTime:0.000560s ]
SQL: SELECT * FROM `task_lib` WHERE ( `T_id` = 243 ) LIMIT 1   [ RunTime:0.000258s ]
SQL: UPDATE `task_lib` SET `T_process`='{\"exp_total_time\":60,\"exp_start_time\":1381806840,\"exp_end_time\":1381806900,\"run_total_time\":0,\"run_start_time\":0,\"run_end_time\":0,\"pause_total_time\":0,\"pause_start_time\":0,\"pause_end_time\":0,\"wait_total_time\":0,\"wait_start_time\":0,\"wait_end_time\":0,\"stop_total_time\":0,\"stop_start_time\":0,\"stop_end_time\":0,\"start_time\":0,\"done_time\":0,\"forgo_time\":0}' WHERE ( T_id=243 ) [ RunTime:0.031225s ]

[ 2013-11-27T12:14:18+08:00 ] 192.168.23.100 /myt/index.php/Lib/show_task_process/tid/243/
INFO: [ app_begin ] --START--
INFO: Run ReadHtmlCache Behavior [ RunTime:0.001146s ]
INFO: [ app_begin ] --END-- [ RunTime:0.002015s ]
SQL: SHOW COLUMNS FROM `task_lib` [ RunTime:0.001791s ]
SQL: SELECT `T_process` FROM `task_lib` WHERE ( T_id = 243 ) LIMIT 1   [ RunTime:0.000428s ]

[ 2013-11-27T12:14:35+08:00 ] 192.168.23.100 /myt/index.php/Lib/show_task_process/tid/251/
INFO: [ app_begin ] --START--
INFO: Run ReadHtmlCache Behavior [ RunTime:0.001176s ]
INFO: [ app_begin ] --END-- [ RunTime:0.001560s ]
SQL: SHOW COLUMNS FROM `task_lib` [ RunTime:0.001697s ]
SQL: SELECT `T_process` FROM `task_lib` WHERE ( T_id = 251 ) LIMIT 1   [ RunTime:0.000295s ]

[ 2013-11-27T12:14:36+08:00 ] 192.168.23.100 /myt/index.php/Task/auto_update_task_process/tid/251/
INFO: [ app_begin ] --START--
INFO: Run ReadHtmlCache Behavior [ RunTime:0.001205s ]
INFO: [ app_begin ] --END-- [ RunTime:0.001576s ]
SQL: SHOW COLUMNS FROM `task_lib` [ RunTime:0.002521s ]
SQL: SELECT * FROM `task_lib` WHERE ( `T_id` = 251 ) LIMIT 1   [ RunTime:0.000858s ]
SQL: SELECT * FROM `task_lib` WHERE ( `T_id` = 251 ) LIMIT 1   [ RunTime:0.000288s ]
SQL: UPDATE `task_lib` SET `T_process`='{\"exp_total_time\":60,\"exp_start_time\":1381806900,\"exp_end_time\":1381806960,\"run_total_time\":0,\"run_start_time\":0,\"run_end_time\":0,\"pause_total_time\":0,\"pause_start_time\":0,\"pause_end_time\":0,\"wait_total_time\":0,\"wait_start_time\":0,\"wait_end_time\":0,\"stop_total_time\":0,\"stop_start_time\":0,\"stop_end_time\":0,\"start_time\":0,\"done_time\":0,\"forgo_time\":0}' WHERE ( T_id=251 ) [ RunTime:0.035170s ]

[ 2013-11-27T12:14:43+08:00 ] 192.168.23.100 /myt/index.php/Lib/show_task_process/tid/251/
INFO: [ app_begin ] --START--
INFO: Run ReadHtmlCache Behavior [ RunTime:0.001088s ]
INFO: [ app_begin ] --END-- [ RunTime:0.001461s ]
SQL: SHOW COLUMNS FROM `task_lib` [ RunTime:0.002619s ]
SQL: SELECT `T_process` FROM `task_lib` WHERE ( T_id = 251 ) LIMIT 1   [ RunTime:0.001141s ]

[ 2013-11-27T12:14:43+08:00 ] 192.168.23.100 /myt/index.php/Task/auto_update_task_process/tid/251/
INFO: [ app_begin ] --START--
INFO: Run ReadHtmlCache Behavior [ RunTime:0.001123s ]
INFO: [ app_begin ] --END-- [ RunTime:0.001533s ]
SQL: SHOW COLUMNS FROM `task_lib` [ RunTime:0.001682s ]
SQL: SELECT * FROM `task_lib` WHERE ( `T_id` = 251 ) LIMIT 1   [ RunTime:0.000337s ]
SQL: SELECT * FROM `task_lib` WHERE ( `T_id` = 251 ) LIMIT 1   [ RunTime:0.000219s ]
SQL: UPDATE `task_lib` SET `T_process`='{\"exp_total_time\":60,\"exp_start_time\":1381806900,\"exp_end_time\":1381806960,\"run_total_time\":0,\"run_start_time\":0,\"run_end_time\":0,\"pause_total_time\":0,\"pause_start_time\":0,\"pause_end_time\":0,\"wait_total_time\":0,\"wait_start_time\":0,\"wait_end_time\":0,\"stop_total_time\":0,\"stop_start_time\":0,\"stop_end_time\":0,\"start_time\":0,\"done_time\":0,\"forgo_time\":0}' WHERE ( T_id=251 ) [ RunTime:0.028391s ]

[ 2013-11-27T12:14:47+08:00 ] 192.168.23.100 /myt/index.php/Task/auto_update_task_process/tid/251/
INFO: [ app_begin ] --START--
INFO: Run ReadHtmlCache Behavior [ RunTime:0.001173s ]
INFO: [ app_begin ] --END-- [ RunTime:0.001526s ]
SQL: SHOW COLUMNS FROM `task_lib` [ RunTime:0.002670s ]
SQL: SELECT * FROM `task_lib` WHERE ( `T_id` = 251 ) LIMIT 1   [ RunTime:0.000736s ]
SQL: SELECT * FROM `task_lib` WHERE ( `T_id` = 251 ) LIMIT 1   [ RunTime:0.000207s ]
SQL: UPDATE `task_lib` SET `T_process`='{\"exp_total_time\":60,\"exp_start_time\":1381806900,\"exp_end_time\":1381806960,\"run_total_time\":0,\"run_start_time\":0,\"run_end_time\":0,\"pause_total_time\":0,\"pause_start_time\":0,\"pause_end_time\":0,\"wait_total_time\":0,\"wait_start_time\":0,\"wait_end_time\":0,\"stop_total_time\":0,\"stop_start_time\":0,\"stop_end_time\":0,\"start_time\":0,\"done_time\":0,\"forgo_time\":0}' WHERE ( T_id=251 ) [ RunTime:0.026571s ]

[ 2013-11-27T12:14:47+08:00 ] 192.168.23.100 /myt/index.php/Lib/show_task_process/tid/251/
INFO: [ app_begin ] --START--
INFO: Run ReadHtmlCache Behavior [ RunTime:0.001158s ]
INFO: [ app_begin ] --END-- [ RunTime:0.001543s ]
SQL: SHOW COLUMNS FROM `task_lib` [ RunTime:0.001649s ]
SQL: SELECT `T_process` FROM `task_lib` WHERE ( T_id = 251 ) LIMIT 1   [ RunTime:0.000274s ]

[ 2013-11-27T13:12:22+08:00 ] 192.168.23.100 /myt/index.php/Lib/show_task_process/tid/myt/
INFO: [ app_begin ] --START--
INFO: Run ReadHtmlCache Behavior [ RunTime:0.001332s ]
INFO: [ app_begin ] --END-- [ RunTime:0.001689s ]
SQL: SHOW COLUMNS FROM `task_lib` [ RunTime:0.001885s ]
SQL: SELECT `T_process` FROM `task_lib` WHERE ( T_id = myt ) LIMIT 1   [ RunTime:0.000341s ]
ERR: Unknown column 'myt' in 'where clause'
 [ SQL语句 ] : SELECT `T_process` FROM `task_lib` WHERE ( T_id = myt ) LIMIT 1  
NOTIC: [8] Undefined index:  start_time D:\www\myhome.cn\myt\Lib\Action\LibAction.class.php 第 534 行.
NOTIC: [8] Undefined index:  done_time D:\www\myhome.cn\myt\Lib\Action\LibAction.class.php 第 535 行.
NOTIC: [8] Undefined index:  forgo_time D:\www\myhome.cn\myt\Lib\Action\LibAction.class.php 第 536 行.

[ 2013-11-27T13:12:22+08:00 ] 192.168.23.100 /myt/index.php/Task/auto_update_task_process/tid/myt/
INFO: [ app_begin ] --START--
INFO: Run ReadHtmlCache Behavior [ RunTime:0.001468s ]
INFO: [ app_begin ] --END-- [ RunTime:0.001898s ]
SQL: SHOW COLUMNS FROM `task_lib` [ RunTime:0.001675s ]
SQL: SELECT * FROM `task_lib` WHERE ( `T_id` = 0 ) LIMIT 1   [ RunTime:0.000300s ]
SQL: SELECT * FROM `task_lib` WHERE ( `T_id` = 0 ) LIMIT 1   [ RunTime:0.000217s ]
SQL: UPDATE `task_lib` SET `T_process`='[]' WHERE ( T_id=myt ) [ RunTime:0.000225s ]
ERR: Unknown column 'myt' in 'where clause'
 [ SQL语句 ] : UPDATE `task_lib` SET `T_process`='[]' WHERE ( T_id=myt )

[ 2013-11-27T13:12:31+08:00 ] 192.168.23.100 /myt/index.php/Lib/show_task_process/tid/240/
INFO: [ app_begin ] --START--
INFO: Run ReadHtmlCache Behavior [ RunTime:0.001045s ]
INFO: [ app_begin ] --END-- [ RunTime:0.001445s ]
SQL: SHOW COLUMNS FROM `task_lib` [ RunTime:0.001631s ]
SQL: SELECT `T_process` FROM `task_lib` WHERE ( T_id = 240 ) LIMIT 1   [ RunTime:0.000371s ]

[ 2013-11-27T13:12:31+08:00 ] 192.168.23.100 /myt/index.php/Task/auto_update_task_process/tid/240/
INFO: [ app_begin ] --START--
INFO: Run ReadHtmlCache Behavior [ RunTime:0.001065s ]
INFO: [ app_begin ] --END-- [ RunTime:0.001414s ]
SQL: SHOW COLUMNS FROM `task_lib` [ RunTime:0.001552s ]
SQL: SELECT * FROM `task_lib` WHERE ( `T_id` = 240 ) LIMIT 1   [ RunTime:0.000684s ]
SQL: SELECT * FROM `task_lib` WHERE ( `T_id` = 240 ) LIMIT 1   [ RunTime:0.000211s ]
SQL: UPDATE `task_lib` SET `T_process`='{\"exp_total_time\":60,\"exp_start_time\":1381484520,\"exp_end_time\":1381484580,\"run_total_time\":0,\"run_start_time\":0,\"run_end_time\":0,\"pause_total_time\":0,\"pause_start_time\":0,\"pause_end_time\":0,\"wait_total_time\":0,\"wait_start_time\":0,\"wait_end_time\":0,\"stop_total_time\":0,\"stop_start_time\":0,\"stop_end_time\":0,\"start_time\":0,\"done_time\":0,\"forgo_time\":0}' WHERE ( T_id=240 ) [ RunTime:0.067647s ]

[ 2013-11-27T13:12:34+08:00 ] 192.168.23.100 /myt/index.php/Task/auto_update_task_process/tid/251/
INFO: [ app_begin ] --START--
INFO: Run ReadHtmlCache Behavior [ RunTime:0.001234s ]
INFO: [ app_begin ] --END-- [ RunTime:0.001675s ]
SQL: SHOW COLUMNS FROM `task_lib` [ RunTime:0.002586s ]
SQL: SELECT * FROM `task_lib` WHERE ( `T_id` = 251 ) LIMIT 1   [ RunTime:0.000997s ]
SQL: SELECT * FROM `task_lib` WHERE ( `T_id` = 251 ) LIMIT 1   [ RunTime:0.000252s ]
SQL: UPDATE `task_lib` SET `T_process`='{\"exp_total_time\":60,\"exp_start_time\":1381806900,\"exp_end_time\":1381806960,\"run_total_time\":0,\"run_start_time\":0,\"run_end_time\":0,\"pause_total_time\":0,\"pause_start_time\":0,\"pause_end_time\":0,\"wait_total_time\":0,\"wait_start_time\":0,\"wait_end_time\":0,\"stop_total_time\":0,\"stop_start_time\":0,\"stop_end_time\":0,\"start_time\":0,\"done_time\":0,\"forgo_time\":0}' WHERE ( T_id=251 ) [ RunTime:0.056767s ]

[ 2013-11-27T13:12:34+08:00 ] 192.168.23.100 /myt/index.php/Lib/show_task_process/tid/251/
INFO: [ app_begin ] --START--
INFO: Run ReadHtmlCache Behavior [ RunTime:0.001253s ]
INFO: [ app_begin ] --END-- [ RunTime:0.001691s ]
SQL: SHOW COLUMNS FROM `task_lib` [ RunTime:0.001791s ]
SQL: SELECT `T_process` FROM `task_lib` WHERE ( T_id = 251 ) LIMIT 1   [ RunTime:0.000493s ]

[ 2013-11-27T13:17:14+08:00 ] 192.168.23.100 /myt/index.php/Lib/show_task_process/tid/myt/
INFO: [ app_begin ] --START--
INFO: Run ReadHtmlCache Behavior [ RunTime:0.001135s ]
INFO: [ app_begin ] --END-- [ RunTime:0.001529s ]
SQL: SHOW COLUMNS FROM `task_lib` [ RunTime:0.002655s ]
SQL: SELECT `T_process` FROM `task_lib` WHERE ( T_id = myt ) LIMIT 1   [ RunTime:0.001095s ]
ERR: Unknown column 'myt' in 'where clause'
 [ SQL语句 ] : SELECT `T_process` FROM `task_lib` WHERE ( T_id = myt ) LIMIT 1  
NOTIC: [8] Undefined index:  start_time D:\www\myhome.cn\myt\Lib\Action\LibAction.class.php 第 534 行.
NOTIC: [8] Undefined index:  done_time D:\www\myhome.cn\myt\Lib\Action\LibAction.class.php 第 535 行.
NOTIC: [8] Undefined index:  forgo_time D:\www\myhome.cn\myt\Lib\Action\LibAction.class.php 第 536 行.

[ 2013-11-27T13:17:14+08:00 ] 192.168.23.100 /myt/index.php/Task/auto_update_task_process/tid/myt/
INFO: [ app_begin ] --START--
INFO: Run ReadHtmlCache Behavior [ RunTime:0.001333s ]
INFO: [ app_begin ] --END-- [ RunTime:0.001675s ]
SQL: SHOW COLUMNS FROM `task_lib` [ RunTime:0.001456s ]
SQL: SELECT * FROM `task_lib` WHERE ( `T_id` = 0 ) LIMIT 1   [ RunTime:0.000274s ]
SQL: SELECT * FROM `task_lib` WHERE ( `T_id` = 0 ) LIMIT 1   [ RunTime:0.000212s ]
SQL: UPDATE `task_lib` SET `T_process`='[]' WHERE ( T_id=myt ) [ RunTime:0.000211s ]
ERR: Unknown column 'myt' in 'where clause'
 [ SQL语句 ] : UPDATE `task_lib` SET `T_process`='[]' WHERE ( T_id=myt )

[ 2013-11-27T13:17:21+08:00 ] 192.168.23.100 /myt/index.php/Lib/show_task_process/tid/myt/
INFO: [ app_begin ] --START--
INFO: Run ReadHtmlCache Behavior [ RunTime:0.001126s ]
INFO: [ app_begin ] --END-- [ RunTime:0.001512s ]
SQL: SHOW COLUMNS FROM `task_lib` [ RunTime:0.001847s ]
SQL: SELECT `T_process` FROM `task_lib` WHERE ( T_id = myt ) LIMIT 1   [ RunTime:0.000375s ]
ERR: Unknown column 'myt' in 'where clause'
 [ SQL语句 ] : SELECT `T_process` FROM `task_lib` WHERE ( T_id = myt ) LIMIT 1  
NOTIC: [8] Undefined index:  start_time D:\www\myhome.cn\myt\Lib\Action\LibAction.class.php 第 534 行.
NOTIC: [8] Undefined index:  done_time D:\www\myhome.cn\myt\Lib\Action\LibAction.class.php 第 535 行.
NOTIC: [8] Undefined index:  forgo_time D:\www\myhome.cn\myt\Lib\Action\LibAction.class.php 第 536 行.

[ 2013-11-27T13:17:21+08:00 ] 192.168.23.100 /myt/index.php/Task/auto_update_task_process/tid/myt/
INFO: [ app_begin ] --START--
INFO: Run ReadHtmlCache Behavior [ RunTime:0.001289s ]
INFO: [ app_begin ] --END-- [ RunTime:0.001691s ]
SQL: SHOW COLUMNS FROM `task_lib` [ RunTime:0.001629s ]
SQL: SELECT * FROM `task_lib` WHERE ( `T_id` = 0 ) LIMIT 1   [ RunTime:0.000275s ]
SQL: SELECT * FROM `task_lib` WHERE ( `T_id` = 0 ) LIMIT 1   [ RunTime:0.000217s ]
SQL: UPDATE `task_lib` SET `T_process`='[]' WHERE ( T_id=myt ) [ RunTime:0.000211s ]
ERR: Unknown column 'myt' in 'where clause'
 [ SQL语句 ] : UPDATE `task_lib` SET `T_process`='[]' WHERE ( T_id=myt )

[ 2013-11-27T13:17:22+08:00 ] 192.168.23.100 /myt/index.php/Task/auto_update_task_process/tid/myt/
INFO: [ app_begin ] --START--
INFO: Run ReadHtmlCache Behavior [ RunTime:0.001659s ]
INFO: [ app_begin ] --END-- [ RunTime:0.002066s ]
SQL: SHOW COLUMNS FROM `task_lib` [ RunTime:0.002653s ]
SQL: SELECT * FROM `task_lib` WHERE ( `T_id` = 0 ) LIMIT 1   [ RunTime:0.000862s ]
SQL: SELECT * FROM `task_lib` WHERE ( `T_id` = 0 ) LIMIT 1   [ RunTime:0.000253s ]
SQL: UPDATE `task_lib` SET `T_process`='[]' WHERE ( T_id=myt ) [ RunTime:0.000224s ]
ERR: Unknown column 'myt' in 'where clause'
 [ SQL语句 ] : UPDATE `task_lib` SET `T_process`='[]' WHERE ( T_id=myt )

[ 2013-11-27T13:17:22+08:00 ] 192.168.23.100 /myt/index.php/Lib/show_task_process/tid/myt/
INFO: [ app_begin ] --START--
INFO: Run ReadHtmlCache Behavior [ RunTime:0.001302s ]
INFO: [ app_begin ] --END-- [ RunTime:0.001693s ]
SQL: SHOW COLUMNS FROM `task_lib` [ RunTime:0.001700s ]
SQL: SELECT `T_process` FROM `task_lib` WHERE ( T_id = myt ) LIMIT 1   [ RunTime:0.000506s ]
ERR: Unknown column 'myt' in 'where clause'
 [ SQL语句 ] : SELECT `T_process` FROM `task_lib` WHERE ( T_id = myt ) LIMIT 1  
NOTIC: [8] Undefined index:  start_time D:\www\myhome.cn\myt\Lib\Action\LibAction.class.php 第 534 行.
NOTIC: [8] Undefined index:  done_time D:\www\myhome.cn\myt\Lib\Action\LibAction.class.php 第 535 行.
NOTIC: [8] Undefined index:  forgo_time D:\www\myhome.cn\myt\Lib\Action\LibAction.class.php 第 536 行.

[ 2013-11-27T13:17:24+08:00 ] 192.168.23.100 /myt/index.php/Lib/show_task_process/tid/241/
INFO: [ app_begin ] --START--
INFO: Run ReadHtmlCache Behavior [ RunTime:0.001210s ]
INFO: [ app_begin ] --END-- [ RunTime:0.001610s ]
SQL: SHOW COLUMNS FROM `task_lib` [ RunTime:0.001610s ]
SQL: SELECT `T_process` FROM `task_lib` WHERE ( T_id = 241 ) LIMIT 1   [ RunTime:0.000309s ]

[ 2013-11-27T13:17:24+08:00 ] 192.168.23.100 /myt/index.php/Task/auto_update_task_process/tid/241/
INFO: [ app_begin ] --START--
INFO: Run ReadHtmlCache Behavior [ RunTime:0.001208s ]
INFO: [ app_begin ] --END-- [ RunTime:0.001596s ]
SQL: SHOW COLUMNS FROM `task_lib` [ RunTime:0.001504s ]
SQL: SELECT * FROM `task_lib` WHERE ( `T_id` = 241 ) LIMIT 1   [ RunTime:0.000287s ]
SQL: SELECT * FROM `task_lib` WHERE ( `T_id` = 241 ) LIMIT 1   [ RunTime:0.000227s ]
SQL: UPDATE `task_lib` SET `T_process`='{\"exp_total_time\":1800,\"exp_start_time\":1381484580,\"exp_end_time\":1381486380,\"run_total_time\":0,\"run_start_time\":0,\"run_end_time\":0,\"pause_total_time\":0,\"pause_start_time\":0,\"pause_end_time\":0,\"wait_total_time\":0,\"wait_start_time\":0,\"wait_end_time\":0,\"stop_total_time\":0,\"stop_start_time\":0,\"stop_end_time\":0,\"start_time\":0,\"done_time\":0,\"forgo_time\":0}' WHERE ( T_id=241 ) [ RunTime:0.026933s ]

[ 2013-11-27T13:17:26+08:00 ] 192.168.23.100 /myt/index.php/Task/auto_update_task_process/tid/251/
INFO: [ app_begin ] --START--
INFO: Run ReadHtmlCache Behavior [ RunTime:0.001071s ]
INFO: [ app_begin ] --END-- [ RunTime:0.001468s ]
SQL: SHOW COLUMNS FROM `task_lib` [ RunTime:0.001550s ]
SQL: SELECT * FROM `task_lib` WHERE ( `T_id` = 251 ) LIMIT 1   [ RunTime:0.000274s ]
SQL: SELECT * FROM `task_lib` WHERE ( `T_id` = 251 ) LIMIT 1   [ RunTime:0.000232s ]
SQL: UPDATE `task_lib` SET `T_process`='{\"exp_total_time\":60,\"exp_start_time\":1381806900,\"exp_end_time\":1381806960,\"run_total_time\":0,\"run_start_time\":0,\"run_end_time\":0,\"pause_total_time\":0,\"pause_start_time\":0,\"pause_end_time\":0,\"wait_total_time\":0,\"wait_start_time\":0,\"wait_end_time\":0,\"stop_total_time\":0,\"stop_start_time\":0,\"stop_end_time\":0,\"start_time\":0,\"done_time\":0,\"forgo_time\":0}' WHERE ( T_id=251 ) [ RunTime:0.058570s ]

[ 2013-11-27T13:17:26+08:00 ] 192.168.23.100 /myt/index.php/Lib/show_task_process/tid/251/
INFO: [ app_begin ] --START--
INFO: Run ReadHtmlCache Behavior [ RunTime:0.001074s ]
INFO: [ app_begin ] --END-- [ RunTime:0.001550s ]
SQL: SHOW COLUMNS FROM `task_lib` [ RunTime:0.001571s ]
SQL: SELECT `T_process` FROM `task_lib` WHERE ( T_id = 251 ) LIMIT 1   [ RunTime:0.000347s ]

[ 2013-11-27T13:17:28+08:00 ] 192.168.23.100 /myt/index.php/Lib/show_task_process/tid/244/
INFO: [ app_begin ] --START--
INFO: Run ReadHtmlCache Behavior [ RunTime:0.001084s ]
INFO: [ app_begin ] --END-- [ RunTime:0.001475s ]
SQL: SHOW COLUMNS FROM `task_lib` [ RunTime:0.001758s ]
SQL: SELECT `T_process` FROM `task_lib` WHERE ( T_id = 244 ) LIMIT 1   [ RunTime:0.000271s ]

[ 2013-11-27T13:17:28+08:00 ] 192.168.23.100 /myt/index.php/Task/auto_update_task_process/tid/244/
INFO: [ app_begin ] --START--
INFO: Run ReadHtmlCache Behavior [ RunTime:0.001011s ]
INFO: [ app_begin ] --END-- [ RunTime:0.001356s ]
SQL: SHOW COLUMNS FROM `task_lib` [ RunTime:0.001631s ]
SQL: SELECT * FROM `task_lib` WHERE ( `T_id` = 244 ) LIMIT 1   [ RunTime:0.000276s ]
SQL: SELECT * FROM `task_lib` WHERE ( `T_id` = 244 ) LIMIT 1   [ RunTime:0.000234s ]
SQL: UPDATE `task_lib` SET `T_process`='{\"exp_total_time\":60,\"exp_start_time\":1381806840,\"exp_end_time\":1381806900,\"run_total_time\":0,\"run_start_time\":0,\"run_end_time\":0,\"pause_total_time\":0,\"pause_start_time\":0,\"pause_end_time\":0,\"wait_total_time\":0,\"wait_start_time\":0,\"wait_end_time\":0,\"stop_total_time\":0,\"stop_start_time\":0,\"stop_end_time\":0,\"start_time\":0,\"done_time\":0,\"forgo_time\":0}' WHERE ( T_id=244 ) [ RunTime:0.066757s ]

[ 2013-11-27T13:17:39+08:00 ] 192.168.23.100 /myt/index.php/Lib/show_task_process/tid/251/
INFO: [ app_begin ] --START--
INFO: Run ReadHtmlCache Behavior [ RunTime:0.001147s ]
INFO: [ app_begin ] --END-- [ RunTime:0.001546s ]
SQL: SHOW COLUMNS FROM `task_lib` [ RunTime:0.001568s ]
SQL: SELECT `T_process` FROM `task_lib` WHERE ( T_id = 251 ) LIMIT 1   [ RunTime:0.000266s ]

[ 2013-11-27T13:17:39+08:00 ] 192.168.23.100 /myt/index.php/Task/auto_update_task_process/tid/251/
INFO: [ app_begin ] --START--
INFO: Run ReadHtmlCache Behavior [ RunTime:0.001167s ]
INFO: [ app_begin ] --END-- [ RunTime:0.001555s ]
SQL: SHOW COLUMNS FROM `task_lib` [ RunTime:0.001672s ]
SQL: SELECT * FROM `task_lib` WHERE ( `T_id` = 251 ) LIMIT 1   [ RunTime:0.000260s ]
SQL: SELECT * FROM `task_lib` WHERE ( `T_id` = 251 ) LIMIT 1   [ RunTime:0.000232s ]
SQL: UPDATE `task_lib` SET `T_process`='{\"exp_total_time\":60,\"exp_start_time\":1381806900,\"exp_end_time\":1381806960,\"run_total_time\":0,\"run_start_time\":0,\"run_end_time\":0,\"pause_total_time\":0,\"pause_start_time\":0,\"pause_end_time\":0,\"wait_total_time\":0,\"wait_start_time\":0,\"wait_end_time\":0,\"stop_total_time\":0,\"stop_start_time\":0,\"stop_end_time\":0,\"start_time\":0,\"done_time\":0,\"forgo_time\":0}' WHERE ( T_id=251 ) [ RunTime:0.038528s ]

[ 2013-11-27T13:17:53+08:00 ] 192.168.23.100 /myt/index.php/Task/auto_update_task_process/tid/myt/
INFO: [ app_begin ] --START--
INFO: Run ReadHtmlCache Behavior [ RunTime:0.001187s ]
INFO: [ app_begin ] --END-- [ RunTime:0.001611s ]
SQL: SHOW COLUMNS FROM `task_lib` [ RunTime:0.001864s ]
SQL: SELECT * FROM `task_lib` WHERE ( `T_id` = 0 ) LIMIT 1   [ RunTime:0.000454s ]
SQL: SELECT * FROM `task_lib` WHERE ( `T_id` = 0 ) LIMIT 1   [ RunTime:0.000280s ]
SQL: UPDATE `task_lib` SET `T_process`='[]' WHERE ( T_id=myt ) [ RunTime:0.000243s ]
ERR: Unknown column 'myt' in 'where clause'
 [ SQL语句 ] : UPDATE `task_lib` SET `T_process`='[]' WHERE ( T_id=myt )

[ 2013-11-27T13:17:53+08:00 ] 192.168.23.100 /myt/index.php/Lib/show_task_process/tid/myt/
INFO: [ app_begin ] --START--
INFO: Run ReadHtmlCache Behavior [ RunTime:0.001156s ]
INFO: [ app_begin ] --END-- [ RunTime:0.001526s ]
SQL: SHOW COLUMNS FROM `task_lib` [ RunTime:0.001641s ]
SQL: SELECT `T_process` FROM `task_lib` WHERE ( T_id = myt ) LIMIT 1   [ RunTime:0.000232s ]
ERR: Unknown column 'myt' in 'where clause'
 [ SQL语句 ] : SELECT `T_process` FROM `task_lib` WHERE ( T_id = myt ) LIMIT 1  
NOTIC: [8] Undefined index:  start_time D:\www\myhome.cn\myt\Lib\Action\LibAction.class.php 第 534 行.
NOTIC: [8] Undefined index:  done_time D:\www\myhome.cn\myt\Lib\Action\LibAction.class.php 第 535 行.
NOTIC: [8] Undefined index:  forgo_time D:\www\myhome.cn\myt\Lib\Action\LibAction.class.php 第 536 行.

[ 2013-11-27T13:17:54+08:00 ] 192.168.23.100 /myt/index.php/Lib/show_task_process/tid/251/
INFO: [ app_begin ] --START--
INFO: Run ReadHtmlCache Behavior [ RunTime:0.001168s ]
INFO: [ app_begin ] --END-- [ RunTime:0.001561s ]
SQL: SHOW COLUMNS FROM `task_lib` [ RunTime:0.001649s ]
SQL: SELECT `T_process` FROM `task_lib` WHERE ( T_id = 251 ) LIMIT 1   [ RunTime:0.000263s ]

[ 2013-11-27T13:17:54+08:00 ] 192.168.23.100 /myt/index.php/Task/auto_update_task_process/tid/251/
INFO: [ app_begin ] --START--
INFO: Run ReadHtmlCache Behavior [ RunTime:0.001245s ]
INFO: [ app_begin ] --END-- [ RunTime:0.001619s ]
SQL: SHOW COLUMNS FROM `task_lib` [ RunTime:0.001494s ]
SQL: SELECT * FROM `task_lib` WHERE ( `T_id` = 251 ) LIMIT 1   [ RunTime:0.000259s ]
SQL: SELECT * FROM `task_lib` WHERE ( `T_id` = 251 ) LIMIT 1   [ RunTime:0.000246s ]
SQL: UPDATE `task_lib` SET `T_process`='{\"exp_total_time\":60,\"exp_start_time\":1381806900,\"exp_end_time\":1381806960,\"run_total_time\":0,\"run_start_time\":0,\"run_end_time\":0,\"pause_total_time\":0,\"pause_start_time\":0,\"pause_end_time\":0,\"wait_total_time\":0,\"wait_start_time\":0,\"wait_end_time\":0,\"stop_total_time\":0,\"stop_start_time\":0,\"stop_end_time\":0,\"start_time\":0,\"done_time\":0,\"forgo_time\":0}' WHERE ( T_id=251 ) [ RunTime:0.032775s ]

[ 2013-11-27T13:24:05+08:00 ] 192.168.23.100 /myt/index.php/Lib/show_task_process/tid/myt/
INFO: [ app_begin ] --START--
INFO: Run ReadHtmlCache Behavior [ RunTime:0.001371s ]
INFO: [ app_begin ] --END-- [ RunTime:0.001736s ]
SQL: SHOW COLUMNS FROM `task_lib` [ RunTime:0.001653s ]
SQL: SELECT `T_process` FROM `task_lib` WHERE ( T_id = myt ) LIMIT 1   [ RunTime:0.000435s ]
ERR: Unknown column 'myt' in 'where clause'
 [ SQL语句 ] : SELECT `T_process` FROM `task_lib` WHERE ( T_id = myt ) LIMIT 1  
NOTIC: [8] Undefined index:  start_time D:\www\myhome.cn\myt\Lib\Action\LibAction.class.php 第 534 行.
NOTIC: [8] Undefined index:  done_time D:\www\myhome.cn\myt\Lib\Action\LibAction.class.php 第 535 行.
NOTIC: [8] Undefined index:  forgo_time D:\www\myhome.cn\myt\Lib\Action\LibAction.class.php 第 536 行.

[ 2013-11-27T13:24:05+08:00 ] 192.168.23.100 /myt/index.php/Task/auto_update_task_process/tid/myt/
INFO: [ app_begin ] --START--
INFO: Run ReadHtmlCache Behavior [ RunTime:0.001699s ]
INFO: [ app_begin ] --END-- [ RunTime:0.002046s ]
SQL: SHOW COLUMNS FROM `task_lib` [ RunTime:0.001714s ]
SQL: SELECT * FROM `task_lib` WHERE ( `T_id` = 0 ) LIMIT 1   [ RunTime:0.000299s ]
SQL: SELECT * FROM `task_lib` WHERE ( `T_id` = 0 ) LIMIT 1   [ RunTime:0.000269s ]
SQL: UPDATE `task_lib` SET `T_process`='[]' WHERE ( T_id=myt ) [ RunTime:0.000211s ]
ERR: Unknown column 'myt' in 'where clause'
 [ SQL语句 ] : UPDATE `task_lib` SET `T_process`='[]' WHERE ( T_id=myt )

[ 2013-11-27T13:24:11+08:00 ] 192.168.23.100 /myt/index.php/Task/auto_update_task_process/tid/251/
INFO: [ app_begin ] --START--
INFO: Run ReadHtmlCache Behavior [ RunTime:0.001252s ]
INFO: [ app_begin ] --END-- [ RunTime:0.001842s ]
SQL: SHOW COLUMNS FROM `task_lib` [ RunTime:0.001699s ]
SQL: SELECT * FROM `task_lib` WHERE ( `T_id` = 251 ) LIMIT 1   [ RunTime:0.000297s ]
SQL: SELECT * FROM `task_lib` WHERE ( `T_id` = 251 ) LIMIT 1   [ RunTime:0.000215s ]
SQL: UPDATE `task_lib` SET `T_process`='{\"exp_total_time\":60,\"exp_start_time\":1381806900,\"exp_end_time\":1381806960,\"run_total_time\":0,\"run_start_time\":0,\"run_end_time\":0,\"pause_total_time\":0,\"pause_start_time\":0,\"pause_end_time\":0,\"wait_total_time\":0,\"wait_start_time\":0,\"wait_end_time\":0,\"stop_total_time\":0,\"stop_start_time\":0,\"stop_end_time\":0,\"start_time\":0,\"done_time\":0,\"forgo_time\":0}' WHERE ( T_id=251 ) [ RunTime:0.031554s ]

[ 2013-11-27T13:24:11+08:00 ] 192.168.23.100 /myt/index.php/Lib/show_task_process/tid/251/
INFO: [ app_begin ] --START--
INFO: Run ReadHtmlCache Behavior [ RunTime:0.001240s ]
INFO: [ app_begin ] --END-- [ RunTime:0.001859s ]
SQL: SHOW COLUMNS FROM `task_lib` [ RunTime:0.001836s ]
SQL: SELECT `T_process` FROM `task_lib` WHERE ( T_id = 251 ) LIMIT 1   [ RunTime:0.000328s ]

[ 2013-11-27T13:24:13+08:00 ] 192.168.23.100 /myt/index.php/Lib/show_task_process/tid/251/
INFO: [ app_begin ] --START--
INFO: Run ReadHtmlCache Behavior [ RunTime:0.001123s ]
INFO: [ app_begin ] --END-- [ RunTime:0.001516s ]
SQL: SHOW COLUMNS FROM `task_lib` [ RunTime:0.001554s ]
SQL: SELECT `T_process` FROM `task_lib` WHERE ( T_id = 251 ) LIMIT 1   [ RunTime:0.000265s ]

[ 2013-11-27T13:24:13+08:00 ] 192.168.23.100 /myt/index.php/Task/auto_update_task_process/tid/251/
INFO: [ app_begin ] --START--
INFO: Run ReadHtmlCache Behavior [ RunTime:0.001151s ]
INFO: [ app_begin ] --END-- [ RunTime:0.001539s ]
SQL: SHOW COLUMNS FROM `task_lib` [ RunTime:0.001684s ]
SQL: SELECT * FROM `task_lib` WHERE ( `T_id` = 251 ) LIMIT 1   [ RunTime:0.000311s ]
SQL: SELECT * FROM `task_lib` WHERE ( `T_id` = 251 ) LIMIT 1   [ RunTime:0.000236s ]
SQL: UPDATE `task_lib` SET `T_process`='{\"exp_total_time\":60,\"exp_start_time\":1381806900,\"exp_end_time\":1381806960,\"run_total_time\":0,\"run_start_time\":0,\"run_end_time\":0,\"pause_total_time\":0,\"pause_start_time\":0,\"pause_end_time\":0,\"wait_total_time\":0,\"wait_start_time\":0,\"wait_end_time\":0,\"stop_total_time\":0,\"stop_start_time\":0,\"stop_end_time\":0,\"start_time\":0,\"done_time\":0,\"forgo_time\":0}' WHERE ( T_id=251 ) [ RunTime:0.038260s ]

[ 2013-11-27T13:24:16+08:00 ] 192.168.23.100 /myt/index.php/Lib/show_task_process/tid/251/
INFO: [ app_begin ] --START--
INFO: Run ReadHtmlCache Behavior [ RunTime:0.001172s ]
INFO: [ app_begin ] --END-- [ RunTime:0.001586s ]
SQL: SHOW COLUMNS FROM `task_lib` [ RunTime:0.009782s ]
SQL: SELECT `T_process` FROM `task_lib` WHERE ( T_id = 251 ) LIMIT 1   [ RunTime:0.000890s ]

[ 2013-11-27T13:24:16+08:00 ] 192.168.23.100 /myt/index.php/Task/auto_update_task_process/tid/251/
INFO: [ app_begin ] --START--
INFO: Run ReadHtmlCache Behavior [ RunTime:0.001144s ]
INFO: [ app_begin ] --END-- [ RunTime:0.001629s ]
SQL: SHOW COLUMNS FROM `task_lib` [ RunTime:0.001620s ]
SQL: SELECT * FROM `task_lib` WHERE ( `T_id` = 251 ) LIMIT 1   [ RunTime:0.000275s ]
SQL: SELECT * FROM `task_lib` WHERE ( `T_id` = 251 ) LIMIT 1   [ RunTime:0.000283s ]
SQL: UPDATE `task_lib` SET `T_process`='{\"exp_total_time\":60,\"exp_start_time\":1381806900,\"exp_end_time\":1381806960,\"run_total_time\":0,\"run_start_time\":0,\"run_end_time\":0,\"pause_total_time\":0,\"pause_start_time\":0,\"pause_end_time\":0,\"wait_total_time\":0,\"wait_start_time\":0,\"wait_end_time\":0,\"stop_total_time\":0,\"stop_start_time\":0,\"stop_end_time\":0,\"start_time\":0,\"done_time\":0,\"forgo_time\":0}' WHERE ( T_id=251 ) [ RunTime:0.048269s ]

[ 2013-11-27T13:24:18+08:00 ] 192.168.23.100 /myt/index.php/Task/auto_update_task_process/tid/251/
INFO: [ app_begin ] --START--
INFO: Run ReadHtmlCache Behavior [ RunTime:0.001103s ]
INFO: [ app_begin ] --END-- [ RunTime:0.001516s ]
SQL: SHOW COLUMNS FROM `task_lib` [ RunTime:0.001830s ]
SQL: SELECT * FROM `task_lib` WHERE ( `T_id` = 251 ) LIMIT 1   [ RunTime:0.000274s ]
SQL: SELECT * FROM `task_lib` WHERE ( `T_id` = 251 ) LIMIT 1   [ RunTime:0.000226s ]
SQL: UPDATE `task_lib` SET `T_process`='{\"exp_total_time\":60,\"exp_start_time\":1381806900,\"exp_end_time\":1381806960,\"run_total_time\":0,\"run_start_time\":0,\"run_end_time\":0,\"pause_total_time\":0,\"pause_start_time\":0,\"pause_end_time\":0,\"wait_total_time\":0,\"wait_start_time\":0,\"wait_end_time\":0,\"stop_total_time\":0,\"stop_start_time\":0,\"stop_end_time\":0,\"start_time\":0,\"done_time\":0,\"forgo_time\":0}' WHERE ( T_id=251 ) [ RunTime:0.029897s ]

[ 2013-11-27T13:24:18+08:00 ] 192.168.23.100 /myt/index.php/Lib/show_task_process/tid/251/
INFO: [ app_begin ] --START--
INFO: Run ReadHtmlCache Behavior [ RunTime:0.001780s ]
INFO: [ app_begin ] --END-- [ RunTime:0.002202s ]
SQL: SHOW COLUMNS FROM `task_lib` [ RunTime:0.001734s ]
SQL: SELECT `T_process` FROM `task_lib` WHERE ( T_id = 251 ) LIMIT 1   [ RunTime:0.000385s ]

[ 2013-11-27T13:42:34+08:00 ] 192.168.23.100 /myt/index.php/Lib/show_task_process/tid/myt/
INFO: [ app_begin ] --START--
INFO: Run ReadHtmlCache Behavior [ RunTime:0.001444s ]
INFO: [ app_begin ] --END-- [ RunTime:0.001877s ]
SQL: SHOW COLUMNS FROM `task_lib` [ RunTime:0.001616s ]
SQL: SELECT `T_process` FROM `task_lib` WHERE ( T_id = myt ) LIMIT 1   [ RunTime:0.000267s ]
ERR: Unknown column 'myt' in 'where clause'
 [ SQL语句 ] : SELECT `T_process` FROM `task_lib` WHERE ( T_id = myt ) LIMIT 1  
NOTIC: [8] Undefined index:  start_time D:\www\myhome.cn\myt\Lib\Action\LibAction.class.php 第 534 行.
NOTIC: [8] Undefined index:  done_time D:\www\myhome.cn\myt\Lib\Action\LibAction.class.php 第 535 行.
NOTIC: [8] Undefined index:  forgo_time D:\www\myhome.cn\myt\Lib\Action\LibAction.class.php 第 536 行.

[ 2013-11-27T13:42:34+08:00 ] 192.168.23.100 /myt/index.php/Task/auto_update_task_process/tid/myt/
INFO: [ app_begin ] --START--
INFO: Run ReadHtmlCache Behavior [ RunTime:0.001512s ]
INFO: [ app_begin ] --END-- [ RunTime:0.001955s ]
SQL: SHOW COLUMNS FROM `task_lib` [ RunTime:0.001545s ]
SQL: SELECT * FROM `task_lib` WHERE ( `T_id` = 0 ) LIMIT 1   [ RunTime:0.000288s ]
SQL: SELECT * FROM `task_lib` WHERE ( `T_id` = 0 ) LIMIT 1   [ RunTime:0.000245s ]
SQL: UPDATE `task_lib` SET `T_process`='[]' WHERE ( T_id=myt ) [ RunTime:0.000234s ]
ERR: Unknown column 'myt' in 'where clause'
 [ SQL语句 ] : UPDATE `task_lib` SET `T_process`='[]' WHERE ( T_id=myt )

[ 2013-11-27T13:42:36+08:00 ] 192.168.23.100 /myt/index.php/Lib/show_task_process/tid/251/
INFO: [ app_begin ] --START--
INFO: Run ReadHtmlCache Behavior [ RunTime:0.001177s ]
INFO: [ app_begin ] --END-- [ RunTime:0.001558s ]
SQL: SHOW COLUMNS FROM `task_lib` [ RunTime:0.001721s ]
SQL: SELECT `T_process` FROM `task_lib` WHERE ( T_id = 251 ) LIMIT 1   [ RunTime:0.000309s ]

[ 2013-11-27T13:42:37+08:00 ] 192.168.23.100 /myt/index.php/Task/auto_update_task_process/tid/251/
INFO: [ app_begin ] --START--
INFO: Run ReadHtmlCache Behavior [ RunTime:0.001163s ]
INFO: [ app_begin ] --END-- [ RunTime:0.001557s ]
SQL: SHOW COLUMNS FROM `task_lib` [ RunTime:0.001739s ]
SQL: SELECT * FROM `task_lib` WHERE ( `T_id` = 251 ) LIMIT 1   [ RunTime:0.000276s ]
SQL: SELECT * FROM `task_lib` WHERE ( `T_id` = 251 ) LIMIT 1   [ RunTime:0.000234s ]
SQL: UPDATE `task_lib` SET `T_process`='{\"exp_total_time\":60,\"exp_start_time\":1381806900,\"exp_end_time\":1381806960,\"run_total_time\":0,\"run_start_time\":0,\"run_end_time\":0,\"pause_total_time\":0,\"pause_start_time\":0,\"pause_end_time\":0,\"wait_total_time\":0,\"wait_start_time\":0,\"wait_end_time\":0,\"stop_total_time\":0,\"stop_start_time\":0,\"stop_end_time\":0,\"start_time\":0,\"done_time\":0,\"forgo_time\":0}' WHERE ( T_id=251 ) [ RunTime:0.031812s ]

[ 2013-11-27T13:42:41+08:00 ] 192.168.23.100 /myt/index.php/Task/auto_update_task_process/tid/myt/
INFO: [ app_begin ] --START--
INFO: Run ReadHtmlCache Behavior [ RunTime:0.001123s ]
INFO: [ app_begin ] --END-- [ RunTime:0.001517s ]
SQL: SHOW COLUMNS FROM `task_lib` [ RunTime:0.002701s ]
SQL: SELECT * FROM `task_lib` WHERE ( `T_id` = 0 ) LIMIT 1   [ RunTime:0.000999s ]
SQL: SELECT * FROM `task_lib` WHERE ( `T_id` = 0 ) LIMIT 1   [ RunTime:0.000276s ]
SQL: UPDATE `task_lib` SET `T_process`='[]' WHERE ( T_id=myt ) [ RunTime:0.000199s ]
ERR: Unknown column 'myt' in 'where clause'
 [ SQL语句 ] : UPDATE `task_lib` SET `T_process`='[]' WHERE ( T_id=myt )

[ 2013-11-27T13:42:41+08:00 ] 192.168.23.100 /myt/index.php/Lib/show_task_process/tid/myt/
INFO: [ app_begin ] --START--
INFO: Run ReadHtmlCache Behavior [ RunTime:0.001469s ]
INFO: [ app_begin ] --END-- [ RunTime:0.001818s ]
SQL: SHOW COLUMNS FROM `task_lib` [ RunTime:0.001676s ]
SQL: SELECT `T_process` FROM `task_lib` WHERE ( T_id = myt ) LIMIT 1   [ RunTime:0.000343s ]
ERR: Unknown column 'myt' in 'where clause'
 [ SQL语句 ] : SELECT `T_process` FROM `task_lib` WHERE ( T_id = myt ) LIMIT 1  
NOTIC: [8] Undefined index:  start_time D:\www\myhome.cn\myt\Lib\Action\LibAction.class.php 第 534 行.
NOTIC: [8] Undefined index:  done_time D:\www\myhome.cn\myt\Lib\Action\LibAction.class.php 第 535 行.
NOTIC: [8] Undefined index:  forgo_time D:\www\myhome.cn\myt\Lib\Action\LibAction.class.php 第 536 行.

[ 2013-11-27T13:42:54+08:00 ] 192.168.23.100 /myt/index.php/Task/auto_update_task_process/tid/251/
INFO: [ app_begin ] --START--
INFO: Run ReadHtmlCache Behavior [ RunTime:0.001073s ]
INFO: [ app_begin ] --END-- [ RunTime:0.001432s ]
SQL: SHOW COLUMNS FROM `task_lib` [ RunTime:0.001688s ]
SQL: SELECT * FROM `task_lib` WHERE ( `T_id` = 251 ) LIMIT 1   [ RunTime:0.000299s ]
SQL: SELECT * FROM `task_lib` WHERE ( `T_id` = 251 ) LIMIT 1   [ RunTime:0.000228s ]
SQL: UPDATE `task_lib` SET `T_process`='{\"exp_total_time\":60,\"exp_start_time\":1381806900,\"exp_end_time\":1381806960,\"run_total_time\":0,\"run_start_time\":0,\"run_end_time\":0,\"pause_total_time\":0,\"pause_start_time\":0,\"pause_end_time\":0,\"wait_total_time\":0,\"wait_start_time\":0,\"wait_end_time\":0,\"stop_total_time\":0,\"stop_start_time\":0,\"stop_end_time\":0,\"start_time\":0,\"done_time\":0,\"forgo_time\":0}' WHERE ( T_id=251 ) [ RunTime:0.022686s ]

[ 2013-11-27T13:42:54+08:00 ] 192.168.23.100 /myt/index.php/Lib/show_task_process/tid/251/
INFO: [ app_begin ] --START--
INFO: Run ReadHtmlCache Behavior [ RunTime:0.001121s ]
INFO: [ app_begin ] --END-- [ RunTime:0.001483s ]
SQL: SHOW COLUMNS FROM `task_lib` [ RunTime:0.001757s ]
SQL: SELECT `T_process` FROM `task_lib` WHERE ( T_id = 251 ) LIMIT 1   [ RunTime:0.000504s ]

[ 2013-11-27T13:42:58+08:00 ] 192.168.23.100 /myt/index.php/Lib/show_task_process/tid/241/
INFO: [ app_begin ] --START--
INFO: Run ReadHtmlCache Behavior [ RunTime:0.001135s ]
INFO: [ app_begin ] --END-- [ RunTime:0.001523s ]
SQL: SHOW COLUMNS FROM `task_lib` [ RunTime:0.001840s ]
SQL: SELECT `T_process` FROM `task_lib` WHERE ( T_id = 241 ) LIMIT 1   [ RunTime:0.000340s ]

[ 2013-11-27T13:42:58+08:00 ] 192.168.23.100 /myt/index.php/Task/auto_update_task_process/tid/241/
INFO: [ app_begin ] --START--
INFO: Run ReadHtmlCache Behavior [ RunTime:0.001228s ]
INFO: [ app_begin ] --END-- [ RunTime:0.001599s ]
SQL: SHOW COLUMNS FROM `task_lib` [ RunTime:0.001811s ]
SQL: SELECT * FROM `task_lib` WHERE ( `T_id` = 241 ) LIMIT 1   [ RunTime:0.000316s ]
SQL: SELECT * FROM `task_lib` WHERE ( `T_id` = 241 ) LIMIT 1   [ RunTime:0.000247s ]
SQL: UPDATE `task_lib` SET `T_process`='{\"exp_total_time\":1800,\"exp_start_time\":1381484580,\"exp_end_time\":1381486380,\"run_total_time\":0,\"run_start_time\":0,\"run_end_time\":0,\"pause_total_time\":0,\"pause_start_time\":0,\"pause_end_time\":0,\"wait_total_time\":0,\"wait_start_time\":0,\"wait_end_time\":0,\"stop_total_time\":0,\"stop_start_time\":0,\"stop_end_time\":0,\"start_time\":0,\"done_time\":0,\"forgo_time\":0}' WHERE ( T_id=241 ) [ RunTime:0.016065s ]

[ 2013-11-27T13:43:01+08:00 ] 192.168.23.100 /myt/index.php/Task/auto_update_task_process/tid/251/
INFO: [ app_begin ] --START--
INFO: Run ReadHtmlCache Behavior [ RunTime:0.001088s ]
INFO: [ app_begin ] --END-- [ RunTime:0.001485s ]
SQL: SHOW COLUMNS FROM `task_lib` [ RunTime:0.001938s ]
SQL: SELECT * FROM `task_lib` WHERE ( `T_id` = 251 ) LIMIT 1   [ RunTime:0.000293s ]
SQL: SELECT * FROM `task_lib` WHERE ( `T_id` = 251 ) LIMIT 1   [ RunTime:0.000231s ]
SQL: UPDATE `task_lib` SET `T_process`='{\"exp_total_time\":60,\"exp_start_time\":1381806900,\"exp_end_time\":1381806960,\"run_total_time\":0,\"run_start_time\":0,\"run_end_time\":0,\"pause_total_time\":0,\"pause_start_time\":0,\"pause_end_time\":0,\"wait_total_time\":0,\"wait_start_time\":0,\"wait_end_time\":0,\"stop_total_time\":0,\"stop_start_time\":0,\"stop_end_time\":0,\"start_time\":0,\"done_time\":0,\"forgo_time\":0}' WHERE ( T_id=251 ) [ RunTime:0.029084s ]

[ 2013-11-27T13:43:01+08:00 ] 192.168.23.100 /myt/index.php/Lib/show_task_process/tid/251/
INFO: [ app_begin ] --START--
INFO: Run ReadHtmlCache Behavior [ RunTime:0.001159s ]
INFO: [ app_begin ] --END-- [ RunTime:0.001564s ]
SQL: SHOW COLUMNS FROM `task_lib` [ RunTime:0.001808s ]
SQL: SELECT `T_process` FROM `task_lib` WHERE ( T_id = 251 ) LIMIT 1   [ RunTime:0.000387s ]

[ 2013-11-27T13:43:04+08:00 ] 192.168.23.100 /myt/index.php/Lib/show_task_process/tid/241/
INFO: [ app_begin ] --START--
INFO: Run ReadHtmlCache Behavior [ RunTime:0.001143s ]
INFO: [ app_begin ] --END-- [ RunTime:0.001538s ]
SQL: SHOW COLUMNS FROM `task_lib` [ RunTime:0.001705s ]
SQL: SELECT `T_process` FROM `task_lib` WHERE ( T_id = 241 ) LIMIT 1   [ RunTime:0.000288s ]

[ 2013-11-27T13:43:04+08:00 ] 192.168.23.100 /myt/index.php/Task/auto_update_task_process/tid/241/
INFO: [ app_begin ] --START--
INFO: Run ReadHtmlCache Behavior [ RunTime:0.001223s ]
INFO: [ app_begin ] --END-- [ RunTime:0.001606s ]
SQL: SHOW COLUMNS FROM `task_lib` [ RunTime:0.001733s ]
SQL: SELECT * FROM `task_lib` WHERE ( `T_id` = 241 ) LIMIT 1   [ RunTime:0.000316s ]
SQL: SELECT * FROM `task_lib` WHERE ( `T_id` = 241 ) LIMIT 1   [ RunTime:0.000250s ]
SQL: UPDATE `task_lib` SET `T_process`='{\"exp_total_time\":1800,\"exp_start_time\":1381484580,\"exp_end_time\":1381486380,\"run_total_time\":0,\"run_start_time\":0,\"run_end_time\":0,\"pause_total_time\":0,\"pause_start_time\":0,\"pause_end_time\":0,\"wait_total_time\":0,\"wait_start_time\":0,\"wait_end_time\":0,\"stop_total_time\":0,\"stop_start_time\":0,\"stop_end_time\":0,\"start_time\":0,\"done_time\":0,\"forgo_time\":0}' WHERE ( T_id=241 ) [ RunTime:0.032200s ]

[ 2013-11-27T13:43:08+08:00 ] 192.168.23.100 /myt/index.php/Lib/show_task_process/tid/251/
INFO: [ app_begin ] --START--
INFO: Run ReadHtmlCache Behavior [ RunTime:0.001091s ]
INFO: [ app_begin ] --END-- [ RunTime:0.001446s ]
SQL: SHOW COLUMNS FROM `task_lib` [ RunTime:0.001747s ]
SQL: SELECT `T_process` FROM `task_lib` WHERE ( T_id = 251 ) LIMIT 1   [ RunTime:0.000325s ]

[ 2013-11-27T13:43:08+08:00 ] 192.168.23.100 /myt/index.php/Task/auto_update_task_process/tid/251/
INFO: [ app_begin ] --START--
INFO: Run ReadHtmlCache Behavior [ RunTime:0.001134s ]
INFO: [ app_begin ] --END-- [ RunTime:0.001527s ]
SQL: SHOW COLUMNS FROM `task_lib` [ RunTime:0.001633s ]
SQL: SELECT * FROM `task_lib` WHERE ( `T_id` = 251 ) LIMIT 1   [ RunTime:0.000301s ]
SQL: SELECT * FROM `task_lib` WHERE ( `T_id` = 251 ) LIMIT 1   [ RunTime:0.000205s ]
SQL: UPDATE `task_lib` SET `T_process`='{\"exp_total_time\":60,\"exp_start_time\":1381806900,\"exp_end_time\":1381806960,\"run_total_time\":0,\"run_start_time\":0,\"run_end_time\":0,\"pause_total_time\":0,\"pause_start_time\":0,\"pause_end_time\":0,\"wait_total_time\":0,\"wait_start_time\":0,\"wait_end_time\":0,\"stop_total_time\":0,\"stop_start_time\":0,\"stop_end_time\":0,\"start_time\":0,\"done_time\":0,\"forgo_time\":0}' WHERE ( T_id=251 ) [ RunTime:0.030852s ]

[ 2013-11-27T13:43:37+08:00 ] 192.168.23.100 /myt/index.php/Task/auto_update_task_process/tid/myt/
INFO: [ app_begin ] --START--
INFO: Run ReadHtmlCache Behavior [ RunTime:0.001186s ]
INFO: [ app_begin ] --END-- [ RunTime:0.001594s ]
SQL: SHOW COLUMNS FROM `task_lib` [ RunTime:0.002576s ]
SQL: SELECT * FROM `task_lib` WHERE ( `T_id` = 0 ) LIMIT 1   [ RunTime:0.000873s ]
SQL: SELECT * FROM `task_lib` WHERE ( `T_id` = 0 ) LIMIT 1   [ RunTime:0.000244s ]
SQL: UPDATE `task_lib` SET `T_process`='[]' WHERE ( T_id=myt ) [ RunTime:0.000264s ]
ERR: Unknown column 'myt' in 'where clause'
 [ SQL语句 ] : UPDATE `task_lib` SET `T_process`='[]' WHERE ( T_id=myt )

[ 2013-11-27T13:43:37+08:00 ] 192.168.23.100 /myt/index.php/Lib/show_task_process/tid/myt/
INFO: [ app_begin ] --START--
INFO: Run ReadHtmlCache Behavior [ RunTime:0.001026s ]
INFO: [ app_begin ] --END-- [ RunTime:0.001381s ]
SQL: SHOW COLUMNS FROM `task_lib` [ RunTime:0.001542s ]
SQL: SELECT `T_process` FROM `task_lib` WHERE ( T_id = myt ) LIMIT 1   [ RunTime:0.000274s ]
ERR: Unknown column 'myt' in 'where clause'
 [ SQL语句 ] : SELECT `T_process` FROM `task_lib` WHERE ( T_id = myt ) LIMIT 1  
NOTIC: [8] Undefined index:  start_time D:\www\myhome.cn\myt\Lib\Action\LibAction.class.php 第 534 行.
NOTIC: [8] Undefined index:  done_time D:\www\myhome.cn\myt\Lib\Action\LibAction.class.php 第 535 行.
NOTIC: [8] Undefined index:  forgo_time D:\www\myhome.cn\myt\Lib\Action\LibAction.class.php 第 536 行.

[ 2013-11-27T13:43:38+08:00 ] 192.168.23.100 /myt/index.php/Lib/show_task_process/tid/251/
INFO: [ app_begin ] --START--
INFO: Run ReadHtmlCache Behavior [ RunTime:0.001104s ]
INFO: [ app_begin ] --END-- [ RunTime:0.001499s ]
SQL: SHOW COLUMNS FROM `task_lib` [ RunTime:0.001781s ]
SQL: SELECT `T_process` FROM `task_lib` WHERE ( T_id = 251 ) LIMIT 1   [ RunTime:0.000364s ]

[ 2013-11-27T13:43:38+08:00 ] 192.168.23.100 /myt/index.php/Task/auto_update_task_process/tid/251/
INFO: [ app_begin ] --START--
INFO: Run ReadHtmlCache Behavior [ RunTime:0.001116s ]
INFO: [ app_begin ] --END-- [ RunTime:0.001469s ]
SQL: SHOW COLUMNS FROM `task_lib` [ RunTime:0.001678s ]
SQL: SELECT * FROM `task_lib` WHERE ( `T_id` = 251 ) LIMIT 1   [ RunTime:0.000308s ]
SQL: SELECT * FROM `task_lib` WHERE ( `T_id` = 251 ) LIMIT 1   [ RunTime:0.000231s ]
SQL: UPDATE `task_lib` SET `T_process`='{\"exp_total_time\":60,\"exp_start_time\":1381806900,\"exp_end_time\":1381806960,\"run_total_time\":0,\"run_start_time\":0,\"run_end_time\":0,\"pause_total_time\":0,\"pause_start_time\":0,\"pause_end_time\":0,\"wait_total_time\":0,\"wait_start_time\":0,\"wait_end_time\":0,\"stop_total_time\":0,\"stop_start_time\":0,\"stop_end_time\":0,\"start_time\":0,\"done_time\":0,\"forgo_time\":0}' WHERE ( T_id=251 ) [ RunTime:0.030894s ]

[ 2013-11-27T13:43:43+08:00 ] 192.168.23.100 /myt/index.php/Lib/show_task_process/tid/243/
INFO: [ app_begin ] --START--
INFO: Run ReadHtmlCache Behavior [ RunTime:0.001083s ]
INFO: [ app_begin ] --END-- [ RunTime:0.001479s ]
SQL: SHOW COLUMNS FROM `task_lib` [ RunTime:0.002478s ]
SQL: SELECT `T_process` FROM `task_lib` WHERE ( T_id = 243 ) LIMIT 1   [ RunTime:0.001038s ]

[ 2013-11-27T13:43:43+08:00 ] 192.168.23.100 /myt/index.php/Task/auto_update_task_process/tid/243/
INFO: [ app_begin ] --START--
INFO: Run ReadHtmlCache Behavior [ RunTime:0.001043s ]
INFO: [ app_begin ] --END-- [ RunTime:0.001417s ]
SQL: SHOW COLUMNS FROM `task_lib` [ RunTime:0.001786s ]
SQL: SELECT * FROM `task_lib` WHERE ( `T_id` = 243 ) LIMIT 1   [ RunTime:0.000292s ]
SQL: SELECT * FROM `task_lib` WHERE ( `T_id` = 243 ) LIMIT 1   [ RunTime:0.000233s ]
SQL: UPDATE `task_lib` SET `T_process`='{\"exp_total_time\":60,\"exp_start_time\":1381806840,\"exp_end_time\":1381806900,\"run_total_time\":0,\"run_start_time\":0,\"run_end_time\":0,\"pause_total_time\":0,\"pause_start_time\":0,\"pause_end_time\":0,\"wait_total_time\":0,\"wait_start_time\":0,\"wait_end_time\":0,\"stop_total_time\":0,\"stop_start_time\":0,\"stop_end_time\":0,\"start_time\":0,\"done_time\":0,\"forgo_time\":0}' WHERE ( T_id=243 ) [ RunTime:0.035605s ]

[ 2013-11-27T13:43:48+08:00 ] 192.168.23.100 /myt/index.php/Task/auto_update_task_process/tid/242/
INFO: [ app_begin ] --START--
INFO: Run ReadHtmlCache Behavior [ RunTime:0.001357s ]
INFO: [ app_begin ] --END-- [ RunTime:0.001759s ]
SQL: SHOW COLUMNS FROM `task_lib` [ RunTime:0.001828s ]
SQL: SELECT * FROM `task_lib` WHERE ( `T_id` = 242 ) LIMIT 1   [ RunTime:0.000310s ]
SQL: SELECT * FROM `task_lib` WHERE ( `T_id` = 242 ) LIMIT 1   [ RunTime:0.000251s ]
SQL: UPDATE `task_lib` SET `T_process`='{\"exp_total_time\":60,\"exp_start_time\":1381806300,\"exp_end_time\":1381806360,\"run_total_time\":0,\"run_start_time\":0,\"run_end_time\":0,\"pause_total_time\":0,\"pause_start_time\":0,\"pause_end_time\":0,\"wait_total_time\":0,\"wait_start_time\":0,\"wait_end_time\":0,\"stop_total_time\":0,\"stop_start_time\":0,\"stop_end_time\":0,\"start_time\":0,\"done_time\":0,\"forgo_time\":0}' WHERE ( T_id=242 ) [ RunTime:0.043932s ]

[ 2013-11-27T13:43:48+08:00 ] 192.168.23.100 /myt/index.php/Lib/show_task_process/tid/242/
INFO: [ app_begin ] --START--
INFO: Run ReadHtmlCache Behavior [ RunTime:0.001263s ]
INFO: [ app_begin ] --END-- [ RunTime:0.001649s ]
SQL: SHOW COLUMNS FROM `task_lib` [ RunTime:0.002489s ]
SQL: SELECT `T_process` FROM `task_lib` WHERE ( T_id = 242 ) LIMIT 1   [ RunTime:0.001226s ]

[ 2013-11-27T13:46:39+08:00 ] 192.168.23.100 /myt/index.php/Task/auto_update_task_process/tid/myt/
INFO: [ app_begin ] --START--
INFO: Run ReadHtmlCache Behavior [ RunTime:0.001113s ]
INFO: [ app_begin ] --END-- [ RunTime:0.001520s ]
SQL: SHOW COLUMNS FROM `task_lib` [ RunTime:0.002605s ]
SQL: SELECT * FROM `task_lib` WHERE ( `T_id` = 0 ) LIMIT 1   [ RunTime:0.000789s ]
SQL: SELECT * FROM `task_lib` WHERE ( `T_id` = 0 ) LIMIT 1   [ RunTime:0.000235s ]
SQL: UPDATE `task_lib` SET `T_process`='[]' WHERE ( T_id=myt ) [ RunTime:0.000219s ]
ERR: Unknown column 'myt' in 'where clause'
 [ SQL语句 ] : UPDATE `task_lib` SET `T_process`='[]' WHERE ( T_id=myt )

[ 2013-11-27T13:46:39+08:00 ] 192.168.23.100 /myt/index.php/Lib/show_task_process/tid/myt/
INFO: [ app_begin ] --START--
INFO: Run ReadHtmlCache Behavior [ RunTime:0.001293s ]
INFO: [ app_begin ] --END-- [ RunTime:0.001631s ]
SQL: SHOW COLUMNS FROM `task_lib` [ RunTime:0.001738s ]
SQL: SELECT `T_process` FROM `task_lib` WHERE ( T_id = myt ) LIMIT 1   [ RunTime:0.000240s ]
ERR: Unknown column 'myt' in 'where clause'
 [ SQL语句 ] : SELECT `T_process` FROM `task_lib` WHERE ( T_id = myt ) LIMIT 1  
NOTIC: [8] Undefined index:  start_time D:\www\myhome.cn\myt\Lib\Action\LibAction.class.php 第 534 行.
NOTIC: [8] Undefined index:  done_time D:\www\myhome.cn\myt\Lib\Action\LibAction.class.php 第 535 行.
NOTIC: [8] Undefined index:  forgo_time D:\www\myhome.cn\myt\Lib\Action\LibAction.class.php 第 536 行.

[ 2013-11-27T13:46:51+08:00 ] 192.168.23.100 /myt/index.php/Task/auto_update_task_process/tid/myt/
INFO: [ app_begin ] --START--
INFO: Run ReadHtmlCache Behavior [ RunTime:0.001107s ]
INFO: [ app_begin ] --END-- [ RunTime:0.001510s ]
SQL: SHOW COLUMNS FROM `task_lib` [ RunTime:0.001655s ]
SQL: SELECT * FROM `task_lib` WHERE ( `T_id` = 0 ) LIMIT 1   [ RunTime:0.000358s ]
SQL: SELECT * FROM `task_lib` WHERE ( `T_id` = 0 ) LIMIT 1   [ RunTime:0.000367s ]
SQL: UPDATE `task_lib` SET `T_process`='[]' WHERE ( T_id=myt ) [ RunTime:0.000235s ]
ERR: Unknown column 'myt' in 'where clause'
 [ SQL语句 ] : UPDATE `task_lib` SET `T_process`='[]' WHERE ( T_id=myt )

[ 2013-11-27T13:46:51+08:00 ] 192.168.23.100 /myt/index.php/Lib/show_task_process/tid/myt/
INFO: [ app_begin ] --START--
INFO: Run ReadHtmlCache Behavior [ RunTime:0.001375s ]
INFO: [ app_begin ] --END-- [ RunTime:0.001819s ]
SQL: SHOW COLUMNS FROM `task_lib` [ RunTime:0.001719s ]
SQL: SELECT `T_process` FROM `task_lib` WHERE ( T_id = myt ) LIMIT 1   [ RunTime:0.000289s ]
ERR: Unknown column 'myt' in 'where clause'
 [ SQL语句 ] : SELECT `T_process` FROM `task_lib` WHERE ( T_id = myt ) LIMIT 1  
NOTIC: [8] Undefined index:  start_time D:\www\myhome.cn\myt\Lib\Action\LibAction.class.php 第 534 行.
NOTIC: [8] Undefined index:  done_time D:\www\myhome.cn\myt\Lib\Action\LibAction.class.php 第 535 行.
NOTIC: [8] Undefined index:  forgo_time D:\www\myhome.cn\myt\Lib\Action\LibAction.class.php 第 536 行.

[ 2013-11-27T13:46:54+08:00 ] 192.168.23.100 /myt/index.php/Lib/show_task_process/tid/myt/
INFO: [ app_begin ] --START--
INFO: Run ReadHtmlCache Behavior [ RunTime:0.001167s ]
INFO: [ app_begin ] --END-- [ RunTime:0.001566s ]
SQL: SHOW COLUMNS FROM `task_lib` [ RunTime:0.002557s ]
SQL: SELECT `T_process` FROM `task_lib` WHERE ( T_id = myt ) LIMIT 1   [ RunTime:0.001047s ]
ERR: Unknown column 'myt' in 'where clause'
 [ SQL语句 ] : SELECT `T_process` FROM `task_lib` WHERE ( T_id = myt ) LIMIT 1  
NOTIC: [8] Undefined index:  start_time D:\www\myhome.cn\myt\Lib\Action\LibAction.class.php 第 534 行.
NOTIC: [8] Undefined index:  done_time D:\www\myhome.cn\myt\Lib\Action\LibAction.class.php 第 535 行.
NOTIC: [8] Undefined index:  forgo_time D:\www\myhome.cn\myt\Lib\Action\LibAction.class.php 第 536 行.

[ 2013-11-27T13:46:54+08:00 ] 192.168.23.100 /myt/index.php/Task/auto_update_task_process/tid/myt/
INFO: [ app_begin ] --START--
INFO: Run ReadHtmlCache Behavior [ RunTime:0.000982s ]
INFO: [ app_begin ] --END-- [ RunTime:0.001317s ]
SQL: SHOW COLUMNS FROM `task_lib` [ RunTime:0.001625s ]
SQL: SELECT * FROM `task_lib` WHERE ( `T_id` = 0 ) LIMIT 1   [ RunTime:0.000278s ]
SQL: SELECT * FROM `task_lib` WHERE ( `T_id` = 0 ) LIMIT 1   [ RunTime:0.000211s ]
SQL: UPDATE `task_lib` SET `T_process`='[]' WHERE ( T_id=myt ) [ RunTime:0.000202s ]
ERR: Unknown column 'myt' in 'where clause'
 [ SQL语句 ] : UPDATE `task_lib` SET `T_process`='[]' WHERE ( T_id=myt )

[ 2013-11-27T13:46:57+08:00 ] 192.168.23.100 /myt/index.php/Lib/show_task_process/tid/241/
INFO: [ app_begin ] --START--
INFO: Run ReadHtmlCache Behavior [ RunTime:0.001184s ]
INFO: [ app_begin ] --END-- [ RunTime:0.001559s ]
SQL: SHOW COLUMNS FROM `task_lib` [ RunTime:0.002564s ]
SQL: SELECT `T_process` FROM `task_lib` WHERE ( T_id = 241 ) LIMIT 1   [ RunTime:0.000939s ]

[ 2013-11-27T13:46:57+08:00 ] 192.168.23.100 /myt/index.php/Task/auto_update_task_process/tid/241/
INFO: [ app_begin ] --START--
INFO: Run ReadHtmlCache Behavior [ RunTime:0.001236s ]
INFO: [ app_begin ] --END-- [ RunTime:0.001603s ]
SQL: SHOW COLUMNS FROM `task_lib` [ RunTime:0.001726s ]
SQL: SELECT * FROM `task_lib` WHERE ( `T_id` = 241 ) LIMIT 1   [ RunTime:0.000333s ]
SQL: SELECT * FROM `task_lib` WHERE ( `T_id` = 241 ) LIMIT 1   [ RunTime:0.000231s ]
SQL: UPDATE `task_lib` SET `T_process`='{\"exp_total_time\":1800,\"exp_start_time\":1381484580,\"exp_end_time\":1381486380,\"run_total_time\":0,\"run_start_time\":0,\"run_end_time\":0,\"pause_total_time\":0,\"pause_start_time\":0,\"pause_end_time\":0,\"wait_total_time\":0,\"wait_start_time\":0,\"wait_end_time\":0,\"stop_total_time\":0,\"stop_start_time\":0,\"stop_end_time\":0,\"start_time\":0,\"done_time\":0,\"forgo_time\":0}' WHERE ( T_id=241 ) [ RunTime:0.024429s ]

[ 2013-11-27T13:46:59+08:00 ] 192.168.23.100 /myt/index.php/Task/auto_update_task_process/tid/251/
INFO: [ app_begin ] --START--
INFO: Run ReadHtmlCache Behavior [ RunTime:0.001097s ]
INFO: [ app_begin ] --END-- [ RunTime:0.001497s ]
SQL: SHOW COLUMNS FROM `task_lib` [ RunTime:0.001516s ]
SQL: SELECT * FROM `task_lib` WHERE ( `T_id` = 251 ) LIMIT 1   [ RunTime:0.000282s ]
SQL: SELECT * FROM `task_lib` WHERE ( `T_id` = 251 ) LIMIT 1   [ RunTime:0.000213s ]
SQL: UPDATE `task_lib` SET `T_process`='{\"exp_total_time\":60,\"exp_start_time\":1381806900,\"exp_end_time\":1381806960,\"run_total_time\":0,\"run_start_time\":0,\"run_end_time\":0,\"pause_total_time\":0,\"pause_start_time\":0,\"pause_end_time\":0,\"wait_total_time\":0,\"wait_start_time\":0,\"wait_end_time\":0,\"stop_total_time\":0,\"stop_start_time\":0,\"stop_end_time\":0,\"start_time\":0,\"done_time\":0,\"forgo_time\":0}' WHERE ( T_id=251 ) [ RunTime:0.028139s ]

[ 2013-11-27T13:46:59+08:00 ] 192.168.23.100 /myt/index.php/Lib/show_task_process/tid/251/
INFO: [ app_begin ] --START--
INFO: Run ReadHtmlCache Behavior [ RunTime:0.001108s ]
INFO: [ app_begin ] --END-- [ RunTime:0.001492s ]
SQL: SHOW COLUMNS FROM `task_lib` [ RunTime:0.001638s ]
SQL: SELECT `T_process` FROM `task_lib` WHERE ( T_id = 251 ) LIMIT 1   [ RunTime:0.000332s ]

[ 2013-11-27T13:47:23+08:00 ] 192.168.23.100 /myt/index.php/Task/auto_update_task_process/tid/myt/
INFO: [ app_begin ] --START--
INFO: Run ReadHtmlCache Behavior [ RunTime:0.001128s ]
INFO: [ app_begin ] --END-- [ RunTime:0.001506s ]
SQL: SHOW COLUMNS FROM `task_lib` [ RunTime:0.002513s ]
SQL: SELECT * FROM `task_lib` WHERE ( `T_id` = 0 ) LIMIT 1   [ RunTime:0.000785s ]
SQL: SELECT * FROM `task_lib` WHERE ( `T_id` = 0 ) LIMIT 1   [ RunTime:0.000424s ]
SQL: UPDATE `task_lib` SET `T_process`='[]' WHERE ( T_id=myt ) [ RunTime:0.000225s ]
ERR: Unknown column 'myt' in 'where clause'
 [ SQL语句 ] : UPDATE `task_lib` SET `T_process`='[]' WHERE ( T_id=myt )

[ 2013-11-27T13:47:23+08:00 ] 192.168.23.100 /myt/index.php/Lib/show_task_process/tid/myt/
INFO: [ app_begin ] --START--
INFO: Run ReadHtmlCache Behavior [ RunTime:0.001164s ]
INFO: [ app_begin ] --END-- [ RunTime:0.001545s ]
SQL: SHOW COLUMNS FROM `task_lib` [ RunTime:0.001645s ]
SQL: SELECT `T_process` FROM `task_lib` WHERE ( T_id = myt ) LIMIT 1   [ RunTime:0.000266s ]
ERR: Unknown column 'myt' in 'where clause'
 [ SQL语句 ] : SELECT `T_process` FROM `task_lib` WHERE ( T_id = myt ) LIMIT 1  
NOTIC: [8] Undefined index:  start_time D:\www\myhome.cn\myt\Lib\Action\LibAction.class.php 第 534 行.
NOTIC: [8] Undefined index:  done_time D:\www\myhome.cn\myt\Lib\Action\LibAction.class.php 第 535 行.
NOTIC: [8] Undefined index:  forgo_time D:\www\myhome.cn\myt\Lib\Action\LibAction.class.php 第 536 行.

[ 2013-11-27T13:47:24+08:00 ] 192.168.23.100 /myt/index.php/Lib/show_task_process/tid/251/
INFO: [ app_begin ] --START--
INFO: Run ReadHtmlCache Behavior [ RunTime:0.001083s ]
INFO: [ app_begin ] --END-- [ RunTime:0.001504s ]
SQL: SHOW COLUMNS FROM `task_lib` [ RunTime:0.001505s ]
SQL: SELECT `T_process` FROM `task_lib` WHERE ( T_id = 251 ) LIMIT 1   [ RunTime:0.000246s ]

[ 2013-11-27T13:47:24+08:00 ] 192.168.23.100 /myt/index.php/Task/auto_update_task_process/tid/251/
INFO: [ app_begin ] --START--
INFO: Run ReadHtmlCache Behavior [ RunTime:0.001090s ]
INFO: [ app_begin ] --END-- [ RunTime:0.001447s ]
SQL: SHOW COLUMNS FROM `task_lib` [ RunTime:0.001727s ]
SQL: SELECT * FROM `task_lib` WHERE ( `T_id` = 251 ) LIMIT 1   [ RunTime:0.000346s ]
SQL: SELECT * FROM `task_lib` WHERE ( `T_id` = 251 ) LIMIT 1   [ RunTime:0.000238s ]
SQL: UPDATE `task_lib` SET `T_process`='{\"exp_total_time\":60,\"exp_start_time\":1381806900,\"exp_end_time\":1381806960,\"run_total_time\":0,\"run_start_time\":0,\"run_end_time\":0,\"pause_total_time\":0,\"pause_start_time\":0,\"pause_end_time\":0,\"wait_total_time\":0,\"wait_start_time\":0,\"wait_end_time\":0,\"stop_total_time\":0,\"stop_start_time\":0,\"stop_end_time\":0,\"start_time\":0,\"done_time\":0,\"forgo_time\":0}' WHERE ( T_id=251 ) [ RunTime:0.090018s ]

[ 2013-11-27T13:47:27+08:00 ] 192.168.23.100 /myt/index.php/Task/auto_update_task_process/tid/251/
INFO: [ app_begin ] --START--
INFO: Run ReadHtmlCache Behavior [ RunTime:0.001181s ]
INFO: [ app_begin ] --END-- [ RunTime:0.001617s ]
SQL: SHOW COLUMNS FROM `task_lib` [ RunTime:0.001709s ]
SQL: SELECT * FROM `task_lib` WHERE ( `T_id` = 251 ) LIMIT 1   [ RunTime:0.000308s ]
SQL: SELECT * FROM `task_lib` WHERE ( `T_id` = 251 ) LIMIT 1   [ RunTime:0.000239s ]
SQL: UPDATE `task_lib` SET `T_process`='{\"exp_total_time\":60,\"exp_start_time\":1381806900,\"exp_end_time\":1381806960,\"run_total_time\":0,\"run_start_time\":0,\"run_end_time\":0,\"pause_total_time\":0,\"pause_start_time\":0,\"pause_end_time\":0,\"wait_total_time\":0,\"wait_start_time\":0,\"wait_end_time\":0,\"stop_total_time\":0,\"stop_start_time\":0,\"stop_end_time\":0,\"start_time\":0,\"done_time\":0,\"forgo_time\":0}' WHERE ( T_id=251 ) [ RunTime:0.038415s ]

[ 2013-11-27T13:47:27+08:00 ] 192.168.23.100 /myt/index.php/Lib/show_task_process/tid/251/
INFO: [ app_begin ] --START--
INFO: Run ReadHtmlCache Behavior [ RunTime:0.001207s ]
INFO: [ app_begin ] --END-- [ RunTime:0.001575s ]
SQL: SHOW COLUMNS FROM `task_lib` [ RunTime:0.001869s ]
SQL: SELECT `T_process` FROM `task_lib` WHERE ( T_id = 251 ) LIMIT 1   [ RunTime:0.000418s ]

[ 2013-11-27T13:49:44+08:00 ] 192.168.23.100 /myt/index.php/Task/auto_update_task_process/tid/myt/
INFO: [ app_begin ] --START--
INFO: Run ReadHtmlCache Behavior [ RunTime:0.001191s ]
INFO: [ app_begin ] --END-- [ RunTime:0.001619s ]
SQL: SHOW COLUMNS FROM `task_lib` [ RunTime:0.001851s ]
SQL: SELECT * FROM `task_lib` WHERE ( `T_id` = 0 ) LIMIT 1   [ RunTime:0.000328s ]
SQL: SELECT * FROM `task_lib` WHERE ( `T_id` = 0 ) LIMIT 1   [ RunTime:0.000305s ]
SQL: UPDATE `task_lib` SET `T_process`='[]' WHERE ( T_id=myt ) [ RunTime:0.000231s ]
ERR: Unknown column 'myt' in 'where clause'
 [ SQL语句 ] : UPDATE `task_lib` SET `T_process`='[]' WHERE ( T_id=myt )

[ 2013-11-27T13:49:44+08:00 ] 192.168.23.100 /myt/index.php/Lib/show_task_process/tid/myt/
INFO: [ app_begin ] --START--
INFO: Run ReadHtmlCache Behavior [ RunTime:0.001355s ]
INFO: [ app_begin ] --END-- [ RunTime:0.001694s ]
SQL: SHOW COLUMNS FROM `task_lib` [ RunTime:0.001561s ]
SQL: SELECT `T_process` FROM `task_lib` WHERE ( T_id = myt ) LIMIT 1   [ RunTime:0.000284s ]
ERR: Unknown column 'myt' in 'where clause'
 [ SQL语句 ] : SELECT `T_process` FROM `task_lib` WHERE ( T_id = myt ) LIMIT 1  
NOTIC: [8] Undefined index:  start_time D:\www\myhome.cn\myt\Lib\Action\LibAction.class.php 第 534 行.
NOTIC: [8] Undefined index:  done_time D:\www\myhome.cn\myt\Lib\Action\LibAction.class.php 第 535 行.
NOTIC: [8] Undefined index:  forgo_time D:\www\myhome.cn\myt\Lib\Action\LibAction.class.php 第 536 行.

[ 2013-11-27T13:49:45+08:00 ] 192.168.23.100 /myt/index.php/Lib/show_task_process/tid/myt/
INFO: [ app_begin ] --START--
INFO: Run ReadHtmlCache Behavior [ RunTime:0.001250s ]
INFO: [ app_begin ] --END-- [ RunTime:0.001676s ]
SQL: SHOW COLUMNS FROM `task_lib` [ RunTime:0.002081s ]
SQL: SELECT `T_process` FROM `task_lib` WHERE ( T_id = myt ) LIMIT 1   [ RunTime:0.000752s ]
ERR: Unknown column 'myt' in 'where clause'
 [ SQL语句 ] : SELECT `T_process` FROM `task_lib` WHERE ( T_id = myt ) LIMIT 1  
NOTIC: [8] Undefined index:  start_time D:\www\myhome.cn\myt\Lib\Action\LibAction.class.php 第 534 行.
NOTIC: [8] Undefined index:  done_time D:\www\myhome.cn\myt\Lib\Action\LibAction.class.php 第 535 行.
NOTIC: [8] Undefined index:  forgo_time D:\www\myhome.cn\myt\Lib\Action\LibAction.class.php 第 536 行.

[ 2013-11-27T13:49:45+08:00 ] 192.168.23.100 /myt/index.php/Task/auto_update_task_process/tid/myt/
INFO: [ app_begin ] --START--
INFO: Run ReadHtmlCache Behavior [ RunTime:0.001034s ]
INFO: [ app_begin ] --END-- [ RunTime:0.001384s ]
SQL: SHOW COLUMNS FROM `task_lib` [ RunTime:0.001619s ]
SQL: SELECT * FROM `task_lib` WHERE ( `T_id` = 0 ) LIMIT 1   [ RunTime:0.000259s ]
SQL: SELECT * FROM `task_lib` WHERE ( `T_id` = 0 ) LIMIT 1   [ RunTime:0.000202s ]
SQL: UPDATE `task_lib` SET `T_process`='[]' WHERE ( T_id=myt ) [ RunTime:0.000180s ]
ERR: Unknown column 'myt' in 'where clause'
 [ SQL语句 ] : UPDATE `task_lib` SET `T_process`='[]' WHERE ( T_id=myt )

[ 2013-11-27T13:49:54+08:00 ] 192.168.23.100 /myt/index.php/Task/auto_update_task_process/tid/251/
INFO: [ app_begin ] --START--
INFO: Run ReadHtmlCache Behavior [ RunTime:0.001349s ]
INFO: [ app_begin ] --END-- [ RunTime:0.001784s ]
SQL: SHOW COLUMNS FROM `task_lib` [ RunTime:0.001603s ]
SQL: SELECT * FROM `task_lib` WHERE ( `T_id` = 251 ) LIMIT 1   [ RunTime:0.000313s ]
SQL: SELECT * FROM `task_lib` WHERE ( `T_id` = 251 ) LIMIT 1   [ RunTime:0.000346s ]
SQL: UPDATE `task_lib` SET `T_process`='{\"exp_total_time\":60,\"exp_start_time\":1381806900,\"exp_end_time\":1381806960,\"run_total_time\":0,\"run_start_time\":0,\"run_end_time\":0,\"pause_total_time\":0,\"pause_start_time\":0,\"pause_end_time\":0,\"wait_total_time\":0,\"wait_start_time\":0,\"wait_end_time\":0,\"stop_total_time\":0,\"stop_start_time\":0,\"stop_end_time\":0,\"start_time\":0,\"done_time\":0,\"forgo_time\":0}' WHERE ( T_id=251 ) [ RunTime:0.042685s ]

[ 2013-11-27T13:49:54+08:00 ] 192.168.23.100 /myt/index.php/Lib/show_task_process/tid/251/
INFO: [ app_begin ] --START--
INFO: Run ReadHtmlCache Behavior [ RunTime:0.001366s ]
INFO: [ app_begin ] --END-- [ RunTime:0.001813s ]
SQL: SHOW COLUMNS FROM `task_lib` [ RunTime:0.001824s ]
SQL: SELECT `T_process` FROM `task_lib` WHERE ( T_id = 251 ) LIMIT 1   [ RunTime:0.000440s ]

[ 2013-11-27T13:52:36+08:00 ] 192.168.23.100 /myt/index.php/Task/auto_update_task_process/tid/myt/
INFO: [ app_begin ] --START--
INFO: Run ReadHtmlCache Behavior [ RunTime:0.001073s ]
INFO: [ app_begin ] --END-- [ RunTime:0.001481s ]
SQL: SHOW COLUMNS FROM `task_lib` [ RunTime:0.001935s ]
SQL: SELECT * FROM `task_lib` WHERE ( `T_id` = 0 ) LIMIT 1   [ RunTime:0.000322s ]
SQL: SELECT * FROM `task_lib` WHERE ( `T_id` = 0 ) LIMIT 1   [ RunTime:0.000300s ]
SQL: UPDATE `task_lib` SET `T_process`='[]' WHERE ( T_id=myt ) [ RunTime:0.000249s ]
ERR: Unknown column 'myt' in 'where clause'
 [ SQL语句 ] : UPDATE `task_lib` SET `T_process`='[]' WHERE ( T_id=myt )

[ 2013-11-27T13:52:36+08:00 ] 192.168.23.100 /myt/index.php/Lib/show_task_process/tid/myt/
INFO: [ app_begin ] --START--
INFO: Run ReadHtmlCache Behavior [ RunTime:0.001306s ]
INFO: [ app_begin ] --END-- [ RunTime:0.001729s ]
SQL: SHOW COLUMNS FROM `task_lib` [ RunTime:0.001896s ]
SQL: SELECT `T_process` FROM `task_lib` WHERE ( T_id = myt ) LIMIT 1   [ RunTime:0.000340s ]
ERR: Unknown column 'myt' in 'where clause'
 [ SQL语句 ] : SELECT `T_process` FROM `task_lib` WHERE ( T_id = myt ) LIMIT 1  
NOTIC: [8] Undefined index:  start_time D:\www\myhome.cn\myt\Lib\Action\LibAction.class.php 第 534 行.
NOTIC: [8] Undefined index:  done_time D:\www\myhome.cn\myt\Lib\Action\LibAction.class.php 第 535 行.
NOTIC: [8] Undefined index:  forgo_time D:\www\myhome.cn\myt\Lib\Action\LibAction.class.php 第 536 行.

[ 2013-11-27T13:52:46+08:00 ] 192.168.23.100 /myt/index.php/Task/auto_update_task_process/tid/244/
INFO: [ app_begin ] --START--
INFO: Run ReadHtmlCache Behavior [ RunTime:0.001117s ]
INFO: [ app_begin ] --END-- [ RunTime:0.001508s ]
SQL: SHOW COLUMNS FROM `task_lib` [ RunTime:0.001719s ]
SQL: SELECT * FROM `task_lib` WHERE ( `T_id` = 244 ) LIMIT 1   [ RunTime:0.000294s ]
SQL: SELECT * FROM `task_lib` WHERE ( `T_id` = 244 ) LIMIT 1   [ RunTime:0.000205s ]
SQL: UPDATE `task_lib` SET `T_process`='{\"exp_total_time\":60,\"exp_start_time\":1381806840,\"exp_end_time\":1381806900,\"run_total_time\":0,\"run_start_time\":0,\"run_end_time\":0,\"pause_total_time\":0,\"pause_start_time\":0,\"pause_end_time\":0,\"wait_total_time\":0,\"wait_start_time\":0,\"wait_end_time\":0,\"stop_total_time\":0,\"stop_start_time\":0,\"stop_end_time\":0,\"start_time\":0,\"done_time\":0,\"forgo_time\":0}' WHERE ( T_id=244 ) [ RunTime:0.023831s ]

[ 2013-11-27T13:52:46+08:00 ] 192.168.23.100 /myt/index.php/Lib/show_task_process/tid/244/
INFO: [ app_begin ] --START--
INFO: Run ReadHtmlCache Behavior [ RunTime:0.001063s ]
INFO: [ app_begin ] --END-- [ RunTime:0.001431s ]
SQL: SHOW COLUMNS FROM `task_lib` [ RunTime:0.001862s ]
SQL: SELECT `T_process` FROM `task_lib` WHERE ( T_id = 244 ) LIMIT 1   [ RunTime:0.000364s ]

[ 2013-11-27T13:52:48+08:00 ] 192.168.23.100 /myt/index.php/Task/auto_update_task_process/tid/251/
INFO: [ app_begin ] --START--
INFO: Run ReadHtmlCache Behavior [ RunTime:0.001092s ]
INFO: [ app_begin ] --END-- [ RunTime:0.001493s ]
SQL: SHOW COLUMNS FROM `task_lib` [ RunTime:0.001757s ]
SQL: SELECT * FROM `task_lib` WHERE ( `T_id` = 251 ) LIMIT 1   [ RunTime:0.000298s ]
SQL: SELECT * FROM `task_lib` WHERE ( `T_id` = 251 ) LIMIT 1   [ RunTime:0.000226s ]
SQL: UPDATE `task_lib` SET `T_process`='{\"exp_total_time\":60,\"exp_start_time\":1381806900,\"exp_end_time\":1381806960,\"run_total_time\":0,\"run_start_time\":0,\"run_end_time\":0,\"pause_total_time\":0,\"pause_start_time\":0,\"pause_end_time\":0,\"wait_total_time\":0,\"wait_start_time\":0,\"wait_end_time\":0,\"stop_total_time\":0,\"stop_start_time\":0,\"stop_end_time\":0,\"start_time\":0,\"done_time\":0,\"forgo_time\":0}' WHERE ( T_id=251 ) [ RunTime:0.024415s ]

[ 2013-11-27T13:52:48+08:00 ] 192.168.23.100 /myt/index.php/Lib/show_task_process/tid/251/
INFO: [ app_begin ] --START--
INFO: Run ReadHtmlCache Behavior [ RunTime:0.001188s ]
INFO: [ app_begin ] --END-- [ RunTime:0.001532s ]
SQL: SHOW COLUMNS FROM `task_lib` [ RunTime:0.001654s ]
SQL: SELECT `T_process` FROM `task_lib` WHERE ( T_id = 251 ) LIMIT 1   [ RunTime:0.000292s ]

[ 2013-11-27T13:52:57+08:00 ] 192.168.23.100 /myt/index.php/Lib/show_task_process/tid/244/
INFO: [ app_begin ] --START--
INFO: Run ReadHtmlCache Behavior [ RunTime:0.001300s ]
INFO: [ app_begin ] --END-- [ RunTime:0.001770s ]
SQL: SHOW COLUMNS FROM `task_lib` [ RunTime:0.001705s ]
SQL: SELECT `T_process` FROM `task_lib` WHERE ( T_id = 244 ) LIMIT 1   [ RunTime:0.000296s ]

[ 2013-11-27T13:52:57+08:00 ] 192.168.23.100 /myt/index.php/Task/auto_update_task_process/tid/244/
INFO: [ app_begin ] --START--
INFO: Run ReadHtmlCache Behavior [ RunTime:0.001303s ]
INFO: [ app_begin ] --END-- [ RunTime:0.001785s ]
SQL: SHOW COLUMNS FROM `task_lib` [ RunTime:0.001948s ]
SQL: SELECT * FROM `task_lib` WHERE ( `T_id` = 244 ) LIMIT 1   [ RunTime:0.000299s ]
SQL: SELECT * FROM `task_lib` WHERE ( `T_id` = 244 ) LIMIT 1   [ RunTime:0.000232s ]
SQL: UPDATE `task_lib` SET `T_process`='{\"exp_total_time\":60,\"exp_start_time\":1381806840,\"exp_end_time\":1381806900,\"run_total_time\":0,\"run_start_time\":0,\"run_end_time\":0,\"pause_total_time\":0,\"pause_start_time\":0,\"pause_end_time\":0,\"wait_total_time\":0,\"wait_start_time\":0,\"wait_end_time\":0,\"stop_total_time\":0,\"stop_start_time\":0,\"stop_end_time\":0,\"start_time\":0,\"done_time\":0,\"forgo_time\":0}' WHERE ( T_id=244 ) [ RunTime:0.029596s ]

[ 2013-11-27T13:53:00+08:00 ] 192.168.23.100 /myt/index.php/Task/auto_update_task_process/tid/243/
INFO: [ app_begin ] --START--
INFO: Run ReadHtmlCache Behavior [ RunTime:0.001156s ]
INFO: [ app_begin ] --END-- [ RunTime:0.001604s ]
SQL: SHOW COLUMNS FROM `task_lib` [ RunTime:0.001615s ]
SQL: SELECT * FROM `task_lib` WHERE ( `T_id` = 243 ) LIMIT 1   [ RunTime:0.000304s ]
SQL: SELECT * FROM `task_lib` WHERE ( `T_id` = 243 ) LIMIT 1   [ RunTime:0.000220s ]
SQL: UPDATE `task_lib` SET `T_process`='{\"exp_total_time\":60,\"exp_start_time\":1381806840,\"exp_end_time\":1381806900,\"run_total_time\":0,\"run_start_time\":0,\"run_end_time\":0,\"pause_total_time\":0,\"pause_start_time\":0,\"pause_end_time\":0,\"wait_total_time\":0,\"wait_start_time\":0,\"wait_end_time\":0,\"stop_total_time\":0,\"stop_start_time\":0,\"stop_end_time\":0,\"start_time\":0,\"done_time\":0,\"forgo_time\":0}' WHERE ( T_id=243 ) [ RunTime:0.032660s ]

[ 2013-11-27T13:53:00+08:00 ] 192.168.23.100 /myt/index.php/Lib/show_task_process/tid/243/
INFO: [ app_begin ] --START--
INFO: Run ReadHtmlCache Behavior [ RunTime:0.001142s ]
INFO: [ app_begin ] --END-- [ RunTime:0.001596s ]
SQL: SHOW COLUMNS FROM `task_lib` [ RunTime:0.001681s ]
SQL: SELECT `T_process` FROM `task_lib` WHERE ( T_id = 243 ) LIMIT 1   [ RunTime:0.000256s ]

[ 2013-11-27T13:53:02+08:00 ] 192.168.23.100 /myt/index.php/Lib/show_task_process/tid/242/
INFO: [ app_begin ] --START--
INFO: Run ReadHtmlCache Behavior [ RunTime:0.001105s ]
INFO: [ app_begin ] --END-- [ RunTime:0.001481s ]
SQL: SHOW COLUMNS FROM `task_lib` [ RunTime:0.001572s ]
SQL: SELECT `T_process` FROM `task_lib` WHERE ( T_id = 242 ) LIMIT 1   [ RunTime:0.000244s ]

[ 2013-11-27T13:53:02+08:00 ] 192.168.23.100 /myt/index.php/Task/auto_update_task_process/tid/242/
INFO: [ app_begin ] --START--
INFO: Run ReadHtmlCache Behavior [ RunTime:0.001047s ]
INFO: [ app_begin ] --END-- [ RunTime:0.001490s ]
SQL: SHOW COLUMNS FROM `task_lib` [ RunTime:0.001629s ]
SQL: SELECT * FROM `task_lib` WHERE ( `T_id` = 242 ) LIMIT 1   [ RunTime:0.000264s ]
SQL: SELECT * FROM `task_lib` WHERE ( `T_id` = 242 ) LIMIT 1   [ RunTime:0.000244s ]
SQL: UPDATE `task_lib` SET `T_process`='{\"exp_total_time\":60,\"exp_start_time\":1381806300,\"exp_end_time\":1381806360,\"run_total_time\":0,\"run_start_time\":0,\"run_end_time\":0,\"pause_total_time\":0,\"pause_start_time\":0,\"pause_end_time\":0,\"wait_total_time\":0,\"wait_start_time\":0,\"wait_end_time\":0,\"stop_total_time\":0,\"stop_start_time\":0,\"stop_end_time\":0,\"start_time\":0,\"done_time\":0,\"forgo_time\":0}' WHERE ( T_id=242 ) [ RunTime:0.051704s ]

[ 2013-11-27T13:53:05+08:00 ] 192.168.23.100 /myt/index.php/Lib/show_task_process/tid/243/
INFO: [ app_begin ] --START--
INFO: Run ReadHtmlCache Behavior [ RunTime:0.001103s ]
INFO: [ app_begin ] --END-- [ RunTime:0.001496s ]
SQL: SHOW COLUMNS FROM `task_lib` [ RunTime:0.001711s ]
SQL: SELECT `T_process` FROM `task_lib` WHERE ( T_id = 243 ) LIMIT 1   [ RunTime:0.000275s ]

[ 2013-11-27T13:53:05+08:00 ] 192.168.23.100 /myt/index.php/Task/auto_update_task_process/tid/243/
INFO: [ app_begin ] --START--
INFO: Run ReadHtmlCache Behavior [ RunTime:0.001108s ]
INFO: [ app_begin ] --END-- [ RunTime:0.001548s ]
SQL: SHOW COLUMNS FROM `task_lib` [ RunTime:0.001787s ]
SQL: SELECT * FROM `task_lib` WHERE ( `T_id` = 243 ) LIMIT 1   [ RunTime:0.000855s ]
SQL: SELECT * FROM `task_lib` WHERE ( `T_id` = 243 ) LIMIT 1   [ RunTime:0.000295s ]
SQL: UPDATE `task_lib` SET `T_process`='{\"exp_total_time\":60,\"exp_start_time\":1381806840,\"exp_end_time\":1381806900,\"run_total_time\":0,\"run_start_time\":0,\"run_end_time\":0,\"pause_total_time\":0,\"pause_start_time\":0,\"pause_end_time\":0,\"wait_total_time\":0,\"wait_start_time\":0,\"wait_end_time\":0,\"stop_total_time\":0,\"stop_start_time\":0,\"stop_end_time\":0,\"start_time\":0,\"done_time\":0,\"forgo_time\":0}' WHERE ( T_id=243 ) [ RunTime:0.023618s ]

[ 2013-11-27T13:53:07+08:00 ] 192.168.23.100 /myt/index.php/Lib/show_task_process/tid/242/
INFO: [ app_begin ] --START--
INFO: Run ReadHtmlCache Behavior [ RunTime:0.001162s ]
INFO: [ app_begin ] --END-- [ RunTime:0.001577s ]
SQL: SHOW COLUMNS FROM `task_lib` [ RunTime:0.001631s ]
SQL: SELECT `T_process` FROM `task_lib` WHERE ( T_id = 242 ) LIMIT 1   [ RunTime:0.000283s ]

[ 2013-11-27T13:53:08+08:00 ] 192.168.23.100 /myt/index.php/Task/auto_update_task_process/tid/242/
INFO: [ app_begin ] --START--
INFO: Run ReadHtmlCache Behavior [ RunTime:0.001232s ]
INFO: [ app_begin ] --END-- [ RunTime:0.001633s ]
SQL: SHOW COLUMNS FROM `task_lib` [ RunTime:0.001636s ]
SQL: SELECT * FROM `task_lib` WHERE ( `T_id` = 242 ) LIMIT 1   [ RunTime:0.000257s ]
SQL: SELECT * FROM `task_lib` WHERE ( `T_id` = 242 ) LIMIT 1   [ RunTime:0.000209s ]
SQL: UPDATE `task_lib` SET `T_process`='{\"exp_total_time\":60,\"exp_start_time\":1381806300,\"exp_end_time\":1381806360,\"run_total_time\":0,\"run_start_time\":0,\"run_end_time\":0,\"pause_total_time\":0,\"pause_start_time\":0,\"pause_end_time\":0,\"wait_total_time\":0,\"wait_start_time\":0,\"wait_end_time\":0,\"stop_total_time\":0,\"stop_start_time\":0,\"stop_end_time\":0,\"start_time\":0,\"done_time\":0,\"forgo_time\":0}' WHERE ( T_id=242 ) [ RunTime:0.058657s ]

[ 2013-11-27T13:53:10+08:00 ] 192.168.23.100 /myt/index.php/Lib/show_task_process/tid/242/
INFO: [ app_begin ] --START--
INFO: Run ReadHtmlCache Behavior [ RunTime:0.001075s ]
INFO: [ app_begin ] --END-- [ RunTime:0.001481s ]
SQL: SHOW COLUMNS FROM `task_lib` [ RunTime:0.001875s ]
SQL: SELECT `T_process` FROM `task_lib` WHERE ( T_id = 242 ) LIMIT 1   [ RunTime:0.000498s ]

[ 2013-11-27T13:53:10+08:00 ] 192.168.23.100 /myt/index.php/Task/auto_update_task_process/tid/242/
INFO: [ app_begin ] --START--
INFO: Run ReadHtmlCache Behavior [ RunTime:0.001137s ]
INFO: [ app_begin ] --END-- [ RunTime:0.001502s ]
SQL: SHOW COLUMNS FROM `task_lib` [ RunTime:0.001694s ]
SQL: SELECT * FROM `task_lib` WHERE ( `T_id` = 242 ) LIMIT 1   [ RunTime:0.000294s ]
SQL: SELECT * FROM `task_lib` WHERE ( `T_id` = 242 ) LIMIT 1   [ RunTime:0.000252s ]
SQL: UPDATE `task_lib` SET `T_process`='{\"exp_total_time\":60,\"exp_start_time\":1381806300,\"exp_end_time\":1381806360,\"run_total_time\":0,\"run_start_time\":0,\"run_end_time\":0,\"pause_total_time\":0,\"pause_start_time\":0,\"pause_end_time\":0,\"wait_total_time\":0,\"wait_start_time\":0,\"wait_end_time\":0,\"stop_total_time\":0,\"stop_start_time\":0,\"stop_end_time\":0,\"start_time\":0,\"done_time\":0,\"forgo_time\":0}' WHERE ( T_id=242 ) [ RunTime:0.030452s ]

[ 2013-11-27T13:53:19+08:00 ] 192.168.23.100 /myt/index.php/Task/auto_update_task_process/tid/243/
INFO: [ app_begin ] --START--
INFO: Run ReadHtmlCache Behavior [ RunTime:0.001072s ]
INFO: [ app_begin ] --END-- [ RunTime:0.001433s ]
SQL: SHOW COLUMNS FROM `task_lib` [ RunTime:0.001716s ]
SQL: SELECT * FROM `task_lib` WHERE ( `T_id` = 243 ) LIMIT 1   [ RunTime:0.000260s ]
SQL: SELECT * FROM `task_lib` WHERE ( `T_id` = 243 ) LIMIT 1   [ RunTime:0.000191s ]
SQL: UPDATE `task_lib` SET `T_process`='{\"exp_total_time\":60,\"exp_start_time\":1381806840,\"exp_end_time\":1381806900,\"run_total_time\":0,\"run_start_time\":0,\"run_end_time\":0,\"pause_total_time\":0,\"pause_start_time\":0,\"pause_end_time\":0,\"wait_total_time\":0,\"wait_start_time\":0,\"wait_end_time\":0,\"stop_total_time\":0,\"stop_start_time\":0,\"stop_end_time\":0,\"start_time\":0,\"done_time\":0,\"forgo_time\":0}' WHERE ( T_id=243 ) [ RunTime:0.031590s ]

[ 2013-11-27T13:53:19+08:00 ] 192.168.23.100 /myt/index.php/Lib/show_task_process/tid/243/
INFO: [ app_begin ] --START--
INFO: Run ReadHtmlCache Behavior [ RunTime:0.001292s ]
INFO: [ app_begin ] --END-- [ RunTime:0.001666s ]
SQL: SHOW COLUMNS FROM `task_lib` [ RunTime:0.001711s ]
SQL: SELECT `T_process` FROM `task_lib` WHERE ( T_id = 243 ) LIMIT 1   [ RunTime:0.000492s ]

[ 2013-11-27T13:53:24+08:00 ] 192.168.23.100 /myt/index.php/Task/auto_update_task_process/tid/244/
INFO: [ app_begin ] --START--
INFO: Run ReadHtmlCache Behavior [ RunTime:0.001081s ]
INFO: [ app_begin ] --END-- [ RunTime:0.001478s ]
SQL: SHOW COLUMNS FROM `task_lib` [ RunTime:0.001845s ]
SQL: SELECT * FROM `task_lib` WHERE ( `T_id` = 244 ) LIMIT 1   [ RunTime:0.000308s ]
SQL: SELECT * FROM `task_lib` WHERE ( `T_id` = 244 ) LIMIT 1   [ RunTime:0.000230s ]
SQL: UPDATE `task_lib` SET `T_process`='{\"exp_total_time\":60,\"exp_start_time\":1381806840,\"exp_end_time\":1381806900,\"run_total_time\":0,\"run_start_time\":0,\"run_end_time\":0,\"pause_total_time\":0,\"pause_start_time\":0,\"pause_end_time\":0,\"wait_total_time\":0,\"wait_start_time\":0,\"wait_end_time\":0,\"stop_total_time\":0,\"stop_start_time\":0,\"stop_end_time\":0,\"start_time\":0,\"done_time\":0,\"forgo_time\":0}' WHERE ( T_id=244 ) [ RunTime:0.024039s ]

[ 2013-11-27T13:53:24+08:00 ] 192.168.23.100 /myt/index.php/Lib/show_task_process/tid/244/
INFO: [ app_begin ] --START--
INFO: Run ReadHtmlCache Behavior [ RunTime:0.001048s ]
INFO: [ app_begin ] --END-- [ RunTime:0.001400s ]
SQL: SHOW COLUMNS FROM `task_lib` [ RunTime:0.001801s ]
SQL: SELECT `T_process` FROM `task_lib` WHERE ( T_id = 244 ) LIMIT 1   [ RunTime:0.000280s ]

[ 2013-11-27T13:53:31+08:00 ] 192.168.23.100 /myt/index.php/Lib/show_task_process/tid/245/
INFO: [ app_begin ] --START--
INFO: Run ReadHtmlCache Behavior [ RunTime:0.001077s ]
INFO: [ app_begin ] --END-- [ RunTime:0.001471s ]
SQL: SHOW COLUMNS FROM `task_lib` [ RunTime:0.002027s ]
SQL: SELECT `T_process` FROM `task_lib` WHERE ( T_id = 245 ) LIMIT 1   [ RunTime:0.000266s ]

[ 2013-11-27T13:53:31+08:00 ] 192.168.23.100 /myt/index.php/Task/auto_update_task_process/tid/245/
INFO: [ app_begin ] --START--
INFO: Run ReadHtmlCache Behavior [ RunTime:0.001033s ]
INFO: [ app_begin ] --END-- [ RunTime:0.001406s ]
SQL: SHOW COLUMNS FROM `task_lib` [ RunTime:0.001629s ]
SQL: SELECT * FROM `task_lib` WHERE ( `T_id` = 245 ) LIMIT 1   [ RunTime:0.000273s ]
SQL: SELECT * FROM `task_lib` WHERE ( `T_id` = 245 ) LIMIT 1   [ RunTime:0.000206s ]
SQL: UPDATE `task_lib` SET `T_process`='{\"exp_total_time\":60,\"exp_start_time\":1381806840,\"exp_end_time\":1381806900,\"run_total_time\":0,\"run_start_time\":0,\"run_end_time\":0,\"pause_total_time\":0,\"pause_start_time\":0,\"pause_end_time\":0,\"wait_total_time\":0,\"wait_start_time\":0,\"wait_end_time\":0,\"stop_total_time\":0,\"stop_start_time\":0,\"stop_end_time\":0,\"start_time\":0,\"done_time\":0,\"forgo_time\":0}' WHERE ( T_id=245 ) [ RunTime:0.020722s ]

[ 2013-11-27T13:53:35+08:00 ] 192.168.23.100 /myt/index.php/Task/auto_update_task_process/tid/246/
INFO: [ app_begin ] --START--
INFO: Run ReadHtmlCache Behavior [ RunTime:0.001112s ]
INFO: [ app_begin ] --END-- [ RunTime:0.001469s ]
SQL: SHOW COLUMNS FROM `task_lib` [ RunTime:0.001663s ]
SQL: SELECT * FROM `task_lib` WHERE ( `T_id` = 246 ) LIMIT 1   [ RunTime:0.000271s ]
SQL: SELECT * FROM `task_lib` WHERE ( `T_id` = 246 ) LIMIT 1   [ RunTime:0.000198s ]
SQL: UPDATE `task_lib` SET `T_process`='{\"exp_total_time\":60,\"exp_start_time\":1381806840,\"exp_end_time\":1381806900,\"run_total_time\":0,\"run_start_time\":0,\"run_end_time\":0,\"pause_total_time\":0,\"pause_start_time\":0,\"pause_end_time\":0,\"wait_total_time\":0,\"wait_start_time\":0,\"wait_end_time\":0,\"stop_total_time\":0,\"stop_start_time\":0,\"stop_end_time\":0,\"start_time\":0,\"done_time\":0,\"forgo_time\":0}' WHERE ( T_id=246 ) [ RunTime:0.051996s ]

[ 2013-11-27T13:53:35+08:00 ] 192.168.23.100 /myt/index.php/Lib/show_task_process/tid/246/
INFO: [ app_begin ] --START--
INFO: Run ReadHtmlCache Behavior [ RunTime:0.001235s ]
INFO: [ app_begin ] --END-- [ RunTime:0.001640s ]
SQL: SHOW COLUMNS FROM `task_lib` [ RunTime:0.002087s ]
SQL: SELECT `T_process` FROM `task_lib` WHERE ( T_id = 246 ) LIMIT 1   [ RunTime:0.000384s ]

[ 2013-11-27T13:53:44+08:00 ] 192.168.23.100 /myt/index.php/Lib/show_task_process/tid/myt/
INFO: [ app_begin ] --START--
INFO: Run ReadHtmlCache Behavior [ RunTime:0.001068s ]
INFO: [ app_begin ] --END-- [ RunTime:0.001446s ]
SQL: SHOW COLUMNS FROM `task_lib` [ RunTime:0.001751s ]
SQL: SELECT `T_process` FROM `task_lib` WHERE ( T_id = myt ) LIMIT 1   [ RunTime:0.000353s ]
ERR: Unknown column 'myt' in 'where clause'
 [ SQL语句 ] : SELECT `T_process` FROM `task_lib` WHERE ( T_id = myt ) LIMIT 1  
NOTIC: [8] Undefined index:  start_time D:\www\myhome.cn\myt\Lib\Action\LibAction.class.php 第 534 行.
NOTIC: [8] Undefined index:  done_time D:\www\myhome.cn\myt\Lib\Action\LibAction.class.php 第 535 行.
NOTIC: [8] Undefined index:  forgo_time D:\www\myhome.cn\myt\Lib\Action\LibAction.class.php 第 536 行.

[ 2013-11-27T13:53:44+08:00 ] 192.168.23.100 /myt/index.php/Task/auto_update_task_process/tid/myt/
INFO: [ app_begin ] --START--
INFO: Run ReadHtmlCache Behavior [ RunTime:0.001388s ]
INFO: [ app_begin ] --END-- [ RunTime:0.001732s ]
SQL: SHOW COLUMNS FROM `task_lib` [ RunTime:0.001744s ]
SQL: SELECT * FROM `task_lib` WHERE ( `T_id` = 0 ) LIMIT 1   [ RunTime:0.000284s ]
SQL: SELECT * FROM `task_lib` WHERE ( `T_id` = 0 ) LIMIT 1   [ RunTime:0.000240s ]
SQL: UPDATE `task_lib` SET `T_process`='[]' WHERE ( T_id=myt ) [ RunTime:0.000192s ]
ERR: Unknown column 'myt' in 'where clause'
 [ SQL语句 ] : UPDATE `task_lib` SET `T_process`='[]' WHERE ( T_id=myt )

[ 2013-11-27T13:53:52+08:00 ] 192.168.23.100 /myt/index.php/Task/auto_update_task_process/tid/myt/
INFO: [ app_begin ] --START--
INFO: Run ReadHtmlCache Behavior [ RunTime:0.001202s ]
INFO: [ app_begin ] --END-- [ RunTime:0.001682s ]
SQL: SHOW COLUMNS FROM `task_lib` [ RunTime:0.001858s ]
SQL: SELECT * FROM `task_lib` WHERE ( `T_id` = 0 ) LIMIT 1   [ RunTime:0.000304s ]
SQL: SELECT * FROM `task_lib` WHERE ( `T_id` = 0 ) LIMIT 1   [ RunTime:0.000259s ]
SQL: UPDATE `task_lib` SET `T_process`='[]' WHERE ( T_id=myt ) [ RunTime:0.000227s ]
ERR: Unknown column 'myt' in 'where clause'
 [ SQL语句 ] : UPDATE `task_lib` SET `T_process`='[]' WHERE ( T_id=myt )

[ 2013-11-27T13:53:52+08:00 ] 192.168.23.100 /myt/index.php/Lib/show_task_process/tid/myt/
INFO: [ app_begin ] --START--
INFO: Run ReadHtmlCache Behavior [ RunTime:0.001341s ]
INFO: [ app_begin ] --END-- [ RunTime:0.001701s ]
SQL: SHOW COLUMNS FROM `task_lib` [ RunTime:0.001646s ]
SQL: SELECT `T_process` FROM `task_lib` WHERE ( T_id = myt ) LIMIT 1   [ RunTime:0.000851s ]
ERR: Unknown column 'myt' in 'where clause'
 [ SQL语句 ] : SELECT `T_process` FROM `task_lib` WHERE ( T_id = myt ) LIMIT 1  
NOTIC: [8] Undefined index:  start_time D:\www\myhome.cn\myt\Lib\Action\LibAction.class.php 第 534 行.
NOTIC: [8] Undefined index:  done_time D:\www\myhome.cn\myt\Lib\Action\LibAction.class.php 第 535 行.
NOTIC: [8] Undefined index:  forgo_time D:\www\myhome.cn\myt\Lib\Action\LibAction.class.php 第 536 行.

[ 2013-11-27T13:53:56+08:00 ] 192.168.23.100 /myt/index.php/Task/auto_update_task_process/tid/241/
INFO: [ app_begin ] --START--
INFO: Run ReadHtmlCache Behavior [ RunTime:0.001056s ]
INFO: [ app_begin ] --END-- [ RunTime:0.001532s ]
SQL: SHOW COLUMNS FROM `task_lib` [ RunTime:0.001915s ]
SQL: SELECT * FROM `task_lib` WHERE ( `T_id` = 241 ) LIMIT 1   [ RunTime:0.000313s ]
SQL: SELECT * FROM `task_lib` WHERE ( `T_id` = 241 ) LIMIT 1   [ RunTime:0.000238s ]
SQL: UPDATE `task_lib` SET `T_process`='{\"exp_total_time\":1800,\"exp_start_time\":1381484580,\"exp_end_time\":1381486380,\"run_total_time\":0,\"run_start_time\":0,\"run_end_time\":0,\"pause_total_time\":0,\"pause_start_time\":0,\"pause_end_time\":0,\"wait_total_time\":0,\"wait_start_time\":0,\"wait_end_time\":0,\"stop_total_time\":0,\"stop_start_time\":0,\"stop_end_time\":0,\"start_time\":0,\"done_time\":0,\"forgo_time\":0}' WHERE ( T_id=241 ) [ RunTime:0.027380s ]

[ 2013-11-27T13:53:56+08:00 ] 192.168.23.100 /myt/index.php/Lib/show_task_process/tid/241/
INFO: [ app_begin ] --START--
INFO: Run ReadHtmlCache Behavior [ RunTime:0.001156s ]
INFO: [ app_begin ] --END-- [ RunTime:0.001537s ]
SQL: SHOW COLUMNS FROM `task_lib` [ RunTime:0.001925s ]
SQL: SELECT `T_process` FROM `task_lib` WHERE ( T_id = 241 ) LIMIT 1   [ RunTime:0.000285s ]

[ 2013-11-27T13:53:58+08:00 ] 192.168.23.100 /myt/index.php/Lib/show_task_process/tid/251/
INFO: [ app_begin ] --START--
INFO: Run ReadHtmlCache Behavior [ RunTime:0.001173s ]
INFO: [ app_begin ] --END-- [ RunTime:0.001567s ]
SQL: SHOW COLUMNS FROM `task_lib` [ RunTime:0.001732s ]
SQL: SELECT `T_process` FROM `task_lib` WHERE ( T_id = 251 ) LIMIT 1   [ RunTime:0.000293s ]

[ 2013-11-27T13:53:58+08:00 ] 192.168.23.100 /myt/index.php/Task/auto_update_task_process/tid/251/
INFO: [ app_begin ] --START--
INFO: Run ReadHtmlCache Behavior [ RunTime:0.001164s ]
INFO: [ app_begin ] --END-- [ RunTime:0.001639s ]
SQL: SHOW COLUMNS FROM `task_lib` [ RunTime:0.001649s ]
SQL: SELECT * FROM `task_lib` WHERE ( `T_id` = 251 ) LIMIT 1   [ RunTime:0.000244s ]
SQL: SELECT * FROM `task_lib` WHERE ( `T_id` = 251 ) LIMIT 1   [ RunTime:0.000232s ]
SQL: UPDATE `task_lib` SET `T_process`='{\"exp_total_time\":60,\"exp_start_time\":1381806900,\"exp_end_time\":1381806960,\"run_total_time\":0,\"run_start_time\":0,\"run_end_time\":0,\"pause_total_time\":0,\"pause_start_time\":0,\"pause_end_time\":0,\"wait_total_time\":0,\"wait_start_time\":0,\"wait_end_time\":0,\"stop_total_time\":0,\"stop_start_time\":0,\"stop_end_time\":0,\"start_time\":0,\"done_time\":0,\"forgo_time\":0}' WHERE ( T_id=251 ) [ RunTime:0.029160s ]

[ 2013-11-27T13:54:06+08:00 ] 192.168.23.100 /myt/index.php/Lib/show_task_process/tid/myt/
INFO: [ app_begin ] --START--
INFO: Run ReadHtmlCache Behavior [ RunTime:0.001163s ]
INFO: [ app_begin ] --END-- [ RunTime:0.001578s ]
SQL: SHOW COLUMNS FROM `task_lib` [ RunTime:0.002651s ]
SQL: SELECT `T_process` FROM `task_lib` WHERE ( T_id = myt ) LIMIT 1   [ RunTime:0.001144s ]
ERR: Unknown column 'myt' in 'where clause'
 [ SQL语句 ] : SELECT `T_process` FROM `task_lib` WHERE ( T_id = myt ) LIMIT 1  
NOTIC: [8] Undefined index:  start_time D:\www\myhome.cn\myt\Lib\Action\LibAction.class.php 第 534 行.
NOTIC: [8] Undefined index:  done_time D:\www\myhome.cn\myt\Lib\Action\LibAction.class.php 第 535 行.
NOTIC: [8] Undefined index:  forgo_time D:\www\myhome.cn\myt\Lib\Action\LibAction.class.php 第 536 行.

[ 2013-11-27T13:54:06+08:00 ] 192.168.23.100 /myt/index.php/Task/auto_update_task_process/tid/myt/
INFO: [ app_begin ] --START--
INFO: Run ReadHtmlCache Behavior [ RunTime:0.001288s ]
INFO: [ app_begin ] --END-- [ RunTime:0.001688s ]
SQL: SHOW COLUMNS FROM `task_lib` [ RunTime:0.001950s ]
SQL: SELECT * FROM `task_lib` WHERE ( `T_id` = 0 ) LIMIT 1   [ RunTime:0.000301s ]
SQL: SELECT * FROM `task_lib` WHERE ( `T_id` = 0 ) LIMIT 1   [ RunTime:0.000213s ]
SQL: UPDATE `task_lib` SET `T_process`='[]' WHERE ( T_id=myt ) [ RunTime:0.000211s ]
ERR: Unknown column 'myt' in 'where clause'
 [ SQL语句 ] : UPDATE `task_lib` SET `T_process`='[]' WHERE ( T_id=myt )

[ 2013-11-27T13:54:11+08:00 ] 192.168.23.100 /myt/index.php/Lib/show_task_process/tid/myt/
INFO: [ app_begin ] --START--
INFO: Run ReadHtmlCache Behavior [ RunTime:0.001185s ]
INFO: [ app_begin ] --END-- [ RunTime:0.001568s ]
SQL: SHOW COLUMNS FROM `task_lib` [ RunTime:0.001911s ]
SQL: SELECT `T_process` FROM `task_lib` WHERE ( T_id = myt ) LIMIT 1   [ RunTime:0.000891s ]
ERR: Unknown column 'myt' in 'where clause'
 [ SQL语句 ] : SELECT `T_process` FROM `task_lib` WHERE ( T_id = myt ) LIMIT 1  
NOTIC: [8] Undefined index:  start_time D:\www\myhome.cn\myt\Lib\Action\LibAction.class.php 第 534 行.
NOTIC: [8] Undefined index:  done_time D:\www\myhome.cn\myt\Lib\Action\LibAction.class.php 第 535 行.
NOTIC: [8] Undefined index:  forgo_time D:\www\myhome.cn\myt\Lib\Action\LibAction.class.php 第 536 行.

[ 2013-11-27T13:54:11+08:00 ] 192.168.23.100 /myt/index.php/Task/auto_update_task_process/tid/myt/
INFO: [ app_begin ] --START--
INFO: Run ReadHtmlCache Behavior [ RunTime:0.001269s ]
INFO: [ app_begin ] --END-- [ RunTime:0.001621s ]
SQL: SHOW COLUMNS FROM `task_lib` [ RunTime:0.001651s ]
SQL: SELECT * FROM `task_lib` WHERE ( `T_id` = 0 ) LIMIT 1   [ RunTime:0.000318s ]
SQL: SELECT * FROM `task_lib` WHERE ( `T_id` = 0 ) LIMIT 1   [ RunTime:0.000351s ]
SQL: UPDATE `task_lib` SET `T_process`='[]' WHERE ( T_id=myt ) [ RunTime:0.000194s ]
ERR: Unknown column 'myt' in 'where clause'
 [ SQL语句 ] : UPDATE `task_lib` SET `T_process`='[]' WHERE ( T_id=myt )

[ 2013-11-27T13:54:36+08:00 ] 192.168.23.100 /myt/index.php/Task/auto_update_task_process/tid/myt/
INFO: [ app_begin ] --START--
INFO: Run ReadHtmlCache Behavior [ RunTime:0.001171s ]
INFO: [ app_begin ] --END-- [ RunTime:0.001563s ]
SQL: SHOW COLUMNS FROM `task_lib` [ RunTime:0.001938s ]
SQL: SELECT * FROM `task_lib` WHERE ( `T_id` = 0 ) LIMIT 1   [ RunTime:0.000328s ]
SQL: SELECT * FROM `task_lib` WHERE ( `T_id` = 0 ) LIMIT 1   [ RunTime:0.000272s ]
SQL: UPDATE `task_lib` SET `T_process`='[]' WHERE ( T_id=myt ) [ RunTime:0.000286s ]
ERR: Unknown column 'myt' in 'where clause'
 [ SQL语句 ] : UPDATE `task_lib` SET `T_process`='[]' WHERE ( T_id=myt )

[ 2013-11-27T13:54:36+08:00 ] 192.168.23.100 /myt/index.php/Lib/show_task_process/tid/myt/
INFO: [ app_begin ] --START--
INFO: Run ReadHtmlCache Behavior [ RunTime:0.001074s ]
INFO: [ app_begin ] --END-- [ RunTime:0.001443s ]
SQL: SHOW COLUMNS FROM `task_lib` [ RunTime:0.001604s ]
SQL: SELECT `T_process` FROM `task_lib` WHERE ( T_id = myt ) LIMIT 1   [ RunTime:0.000256s ]
ERR: Unknown column 'myt' in 'where clause'
 [ SQL语句 ] : SELECT `T_process` FROM `task_lib` WHERE ( T_id = myt ) LIMIT 1  
NOTIC: [8] Undefined index:  start_time D:\www\myhome.cn\myt\Lib\Action\LibAction.class.php 第 534 行.
NOTIC: [8] Undefined index:  done_time D:\www\myhome.cn\myt\Lib\Action\LibAction.class.php 第 535 行.
NOTIC: [8] Undefined index:  forgo_time D:\www\myhome.cn\myt\Lib\Action\LibAction.class.php 第 536 行.

