[ 2013-10-22T11:55:26+08:00 ] 127.0.0.1 /myt/index.php/Task/auto_update_task_process/tid/myt/
INFO: [ app_begin ] --START--
INFO: Run ReadHtmlCache Behavior [ RunTime:0.002318s ]
INFO: [ app_begin ] --END-- [ RunTime:0.003207s ]
SQL: SHOW COLUMNS FROM `task_lib` [ RunTime:0.025923s ]
SQL: SELECT * FROM `task_lib` WHERE ( `T_id` = 0 ) LIMIT 1   [ RunTime:0.002922s ]
SQL: SELECT * FROM `task_lib` WHERE ( `T_id` = 0 ) LIMIT 1   [ RunTime:0.000611s ]
SQL: UPDATE `task_lib` SET `T_process`='[]' WHERE ( T_id=myt ) [ RunTime:0.015259s ]
ERR: Unknown column 'myt' in 'where clause'
 [ SQL语句 ] : UPDATE `task_lib` SET `T_process`='[]' WHERE ( T_id=myt )

[ 2013-10-22T11:55:26+08:00 ] 127.0.0.1 /myt/index.php/Lib/show_task_process/tid/myt/
INFO: [ app_begin ] --START--
INFO: Run ReadHtmlCache Behavior [ RunTime:0.004193s ]
INFO: [ app_begin ] --END-- [ RunTime:0.005542s ]
SQL: SHOW COLUMNS FROM `task_lib` [ RunTime:0.003304s ]
SQL: SELECT `T_process` FROM `task_lib` WHERE ( T_id = myt ) LIMIT 1   [ RunTime:0.001643s ]
ERR: Unknown column 'myt' in 'where clause'
 [ SQL语句 ] : SELECT `T_process` FROM `task_lib` WHERE ( T_id = myt ) LIMIT 1  
NOTIC: [8] Undefined index:  start_time E:\www\myhome.cn\myt\Lib\Action\LibAction.class.php 第 534 行.
NOTIC: [8] Undefined index:  done_time E:\www\myhome.cn\myt\Lib\Action\LibAction.class.php 第 535 行.
NOTIC: [8] Undefined index:  forgo_time E:\www\myhome.cn\myt\Lib\Action\LibAction.class.php 第 536 行.

