[ 2013-12-26T13:57:35+08:00 ] ERR: (ThinkException) Access denied for user 'root'@'localhost' (using password: YES)
[ 2013-12-26T17:55:40+08:00 ] 127.0.0.1 /myt/index.php/Lib/show_task_process/tid/myt/
INFO: [ app_begin ] --START--
INFO: Run ReadHtmlCache Behavior [ RunTime:0.000045s ]
INFO: [ app_begin ] --END-- [ RunTime:0.000076s ]
NOTIC: [8192] mysql_connect(): The mysql extension is deprecated and will be removed in the future: use mysqli or PDO instead /home/www/myhome.cn/ThinkPHP/Lib/Driver/Db/DbMysql.class.php 第 55 行.
SQL: SHOW COLUMNS FROM `task_lib` [ RunTime:0.000333s ]
NOTIC: [8192] preg_replace(): The /e modifier is deprecated, use preg_replace_callback instead /home/www/myhome.cn/ThinkPHP/Lib/Core/Db.class.php 第 568 行.
SQL: SELECT `T_process` FROM `task_lib` WHERE ( T_id = myt ) LIMIT 1   [ RunTime:0.000083s ]
ERR: Unknown column 'myt' in 'where clause'
 [ SQL语句 ] : SELECT `T_process` FROM `task_lib` WHERE ( T_id = myt ) LIMIT 1  
NOTIC: [8] Undefined index: start_time /home/www/myhome.cn/myt/Lib/Action/LibAction.class.php 第 534 行.
NOTIC: [8] Undefined index: done_time /home/www/myhome.cn/myt/Lib/Action/LibAction.class.php 第 535 行.
NOTIC: [8] Undefined index: forgo_time /home/www/myhome.cn/myt/Lib/Action/LibAction.class.php 第 536 行.

[ 2013-12-26T17:55:40+08:00 ] 127.0.0.1 /myt/index.php/Task/auto_update_task_process/tid/myt/
INFO: [ app_begin ] --START--
INFO: Run ReadHtmlCache Behavior [ RunTime:0.000044s ]
INFO: [ app_begin ] --END-- [ RunTime:0.000075s ]
NOTIC: [8192] mysql_connect(): The mysql extension is deprecated and will be removed in the future: use mysqli or PDO instead /home/www/myhome.cn/ThinkPHP/Lib/Driver/Db/DbMysql.class.php 第 55 行.
SQL: SHOW COLUMNS FROM `task_lib` [ RunTime:0.000364s ]
NOTIC: [8192] preg_replace(): The /e modifier is deprecated, use preg_replace_callback instead /home/www/myhome.cn/ThinkPHP/Lib/Core/Db.class.php 第 568 行.
SQL: SELECT * FROM `task_lib` WHERE ( `T_id` = 0 ) LIMIT 1   [ RunTime:0.000112s ]
NOTIC: [8192] preg_replace(): The /e modifier is deprecated, use preg_replace_callback instead /home/www/myhome.cn/ThinkPHP/Lib/Core/Db.class.php 第 568 行.
SQL: SELECT * FROM `task_lib` WHERE ( `T_id` = 0 ) LIMIT 1   [ RunTime:0.000061s ]
SQL: UPDATE `task_lib` SET `T_process`='[]' WHERE ( T_id=myt ) [ RunTime:0.000045s ]
ERR: Unknown column 'myt' in 'where clause'
 [ SQL语句 ] : UPDATE `task_lib` SET `T_process`='[]' WHERE ( T_id=myt )

[ 2013-12-26T17:55:47+08:00 ] 127.0.0.1 /myt/index.php/Task/auto_update_task_process/tid/myt/
INFO: [ app_begin ] --START--
INFO: Run ReadHtmlCache Behavior [ RunTime:0.000041s ]
INFO: [ app_begin ] --END-- [ RunTime:0.000067s ]
NOTIC: [8192] mysql_connect(): The mysql extension is deprecated and will be removed in the future: use mysqli or PDO instead /home/www/myhome.cn/ThinkPHP/Lib/Driver/Db/DbMysql.class.php 第 55 行.
SQL: SHOW COLUMNS FROM `task_lib` [ RunTime:0.000353s ]
NOTIC: [8192] preg_replace(): The /e modifier is deprecated, use preg_replace_callback instead /home/www/myhome.cn/ThinkPHP/Lib/Core/Db.class.php 第 568 行.
SQL: SELECT * FROM `task_lib` WHERE ( `T_id` = 0 ) LIMIT 1   [ RunTime:0.000181s ]
NOTIC: [8192] preg_replace(): The /e modifier is deprecated, use preg_replace_callback instead /home/www/myhome.cn/ThinkPHP/Lib/Core/Db.class.php 第 568 行.
SQL: SELECT * FROM `task_lib` WHERE ( `T_id` = 0 ) LIMIT 1   [ RunTime:0.000093s ]
SQL: UPDATE `task_lib` SET `T_process`='[]' WHERE ( T_id=myt ) [ RunTime:0.000057s ]
ERR: Unknown column 'myt' in 'where clause'
 [ SQL语句 ] : UPDATE `task_lib` SET `T_process`='[]' WHERE ( T_id=myt )

[ 2013-12-26T17:55:47+08:00 ] 127.0.0.1 /myt/index.php/Lib/show_task_process/tid/myt/
INFO: [ app_begin ] --START--
INFO: Run ReadHtmlCache Behavior [ RunTime:0.000042s ]
INFO: [ app_begin ] --END-- [ RunTime:0.000070s ]
NOTIC: [8192] mysql_connect(): The mysql extension is deprecated and will be removed in the future: use mysqli or PDO instead /home/www/myhome.cn/ThinkPHP/Lib/Driver/Db/DbMysql.class.php 第 55 行.
SQL: SHOW COLUMNS FROM `task_lib` [ RunTime:0.000337s ]
NOTIC: [8192] preg_replace(): The /e modifier is deprecated, use preg_replace_callback instead /home/www/myhome.cn/ThinkPHP/Lib/Core/Db.class.php 第 568 行.
SQL: SELECT `T_process` FROM `task_lib` WHERE ( T_id = myt ) LIMIT 1   [ RunTime:0.000065s ]
ERR: Unknown column 'myt' in 'where clause'
 [ SQL语句 ] : SELECT `T_process` FROM `task_lib` WHERE ( T_id = myt ) LIMIT 1  
NOTIC: [8] Undefined index: start_time /home/www/myhome.cn/myt/Lib/Action/LibAction.class.php 第 534 行.
NOTIC: [8] Undefined index: done_time /home/www/myhome.cn/myt/Lib/Action/LibAction.class.php 第 535 行.
NOTIC: [8] Undefined index: forgo_time /home/www/myhome.cn/myt/Lib/Action/LibAction.class.php 第 536 行.

[ 2013-12-26T17:55:50+08:00 ] 127.0.0.1 /myt/index.php/Task/auto_update_task_process/tid/myt/
INFO: [ app_begin ] --START--
INFO: Run ReadHtmlCache Behavior [ RunTime:0.000041s ]
INFO: [ app_begin ] --END-- [ RunTime:0.000067s ]
NOTIC: [8192] mysql_connect(): The mysql extension is deprecated and will be removed in the future: use mysqli or PDO instead /home/www/myhome.cn/ThinkPHP/Lib/Driver/Db/DbMysql.class.php 第 55 行.
SQL: SHOW COLUMNS FROM `task_lib` [ RunTime:0.000367s ]
NOTIC: [8192] preg_replace(): The /e modifier is deprecated, use preg_replace_callback instead /home/www/myhome.cn/ThinkPHP/Lib/Core/Db.class.php 第 568 行.
SQL: SELECT * FROM `task_lib` WHERE ( `T_id` = 0 ) LIMIT 1   [ RunTime:0.000198s ]
NOTIC: [8192] preg_replace(): The /e modifier is deprecated, use preg_replace_callback instead /home/www/myhome.cn/ThinkPHP/Lib/Core/Db.class.php 第 568 行.
SQL: SELECT * FROM `task_lib` WHERE ( `T_id` = 0 ) LIMIT 1   [ RunTime:0.000085s ]
SQL: UPDATE `task_lib` SET `T_process`='[]' WHERE ( T_id=myt ) [ RunTime:0.000049s ]
ERR: Unknown column 'myt' in 'where clause'
 [ SQL语句 ] : UPDATE `task_lib` SET `T_process`='[]' WHERE ( T_id=myt )

[ 2013-12-26T17:55:50+08:00 ] 127.0.0.1 /myt/index.php/Lib/show_task_process/tid/myt/
INFO: [ app_begin ] --START--
INFO: Run ReadHtmlCache Behavior [ RunTime:0.000041s ]
INFO: [ app_begin ] --END-- [ RunTime:0.000069s ]
NOTIC: [8192] mysql_connect(): The mysql extension is deprecated and will be removed in the future: use mysqli or PDO instead /home/www/myhome.cn/ThinkPHP/Lib/Driver/Db/DbMysql.class.php 第 55 行.
SQL: SHOW COLUMNS FROM `task_lib` [ RunTime:0.000339s ]
NOTIC: [8192] preg_replace(): The /e modifier is deprecated, use preg_replace_callback instead /home/www/myhome.cn/ThinkPHP/Lib/Core/Db.class.php 第 568 行.
SQL: SELECT `T_process` FROM `task_lib` WHERE ( T_id = myt ) LIMIT 1   [ RunTime:0.000120s ]
ERR: Unknown column 'myt' in 'where clause'
 [ SQL语句 ] : SELECT `T_process` FROM `task_lib` WHERE ( T_id = myt ) LIMIT 1  
NOTIC: [8] Undefined index: start_time /home/www/myhome.cn/myt/Lib/Action/LibAction.class.php 第 534 行.
NOTIC: [8] Undefined index: done_time /home/www/myhome.cn/myt/Lib/Action/LibAction.class.php 第 535 行.
NOTIC: [8] Undefined index: forgo_time /home/www/myhome.cn/myt/Lib/Action/LibAction.class.php 第 536 行.

[ 2013-12-26T17:55:52+08:00 ] 127.0.0.1 /myt/index.php/Task/auto_update_task_process/tid/date/
INFO: [ app_begin ] --START--
INFO: Run ReadHtmlCache Behavior [ RunTime:0.000040s ]
INFO: [ app_begin ] --END-- [ RunTime:0.000065s ]
NOTIC: [8192] mysql_connect(): The mysql extension is deprecated and will be removed in the future: use mysqli or PDO instead /home/www/myhome.cn/ThinkPHP/Lib/Driver/Db/DbMysql.class.php 第 55 行.
SQL: SHOW COLUMNS FROM `task_lib` [ RunTime:0.000321s ]
NOTIC: [8192] preg_replace(): The /e modifier is deprecated, use preg_replace_callback instead /home/www/myhome.cn/ThinkPHP/Lib/Core/Db.class.php 第 568 行.
SQL: SELECT * FROM `task_lib` WHERE ( `T_id` = 0 ) LIMIT 1   [ RunTime:0.016982s ]
NOTIC: [8192] preg_replace(): The /e modifier is deprecated, use preg_replace_callback instead /home/www/myhome.cn/ThinkPHP/Lib/Core/Db.class.php 第 568 行.
SQL: SELECT * FROM `task_lib` WHERE ( `T_id` = 0 ) LIMIT 1   [ RunTime:0.000090s ]
SQL: UPDATE `task_lib` SET `T_process`='[]' WHERE ( T_id=date ) [ RunTime:0.000050s ]
ERR: Unknown column 'date' in 'where clause'
 [ SQL语句 ] : UPDATE `task_lib` SET `T_process`='[]' WHERE ( T_id=date )

[ 2013-12-26T17:55:52+08:00 ] 127.0.0.1 /myt/index.php/Lib/show_task_process/tid/date/
INFO: [ app_begin ] --START--
INFO: Run ReadHtmlCache Behavior [ RunTime:0.000038s ]
INFO: [ app_begin ] --END-- [ RunTime:0.000066s ]
NOTIC: [8192] mysql_connect(): The mysql extension is deprecated and will be removed in the future: use mysqli or PDO instead /home/www/myhome.cn/ThinkPHP/Lib/Driver/Db/DbMysql.class.php 第 55 行.
SQL: SHOW COLUMNS FROM `task_lib` [ RunTime:0.000304s ]
NOTIC: [8192] preg_replace(): The /e modifier is deprecated, use preg_replace_callback instead /home/www/myhome.cn/ThinkPHP/Lib/Core/Db.class.php 第 568 行.
SQL: SELECT `T_process` FROM `task_lib` WHERE ( T_id = date ) LIMIT 1   [ RunTime:0.000064s ]
ERR: Unknown column 'date' in 'where clause'
 [ SQL语句 ] : SELECT `T_process` FROM `task_lib` WHERE ( T_id = date ) LIMIT 1  
NOTIC: [8] Undefined index: start_time /home/www/myhome.cn/myt/Lib/Action/LibAction.class.php 第 534 行.
NOTIC: [8] Undefined index: done_time /home/www/myhome.cn/myt/Lib/Action/LibAction.class.php 第 535 行.
NOTIC: [8] Undefined index: forgo_time /home/www/myhome.cn/myt/Lib/Action/LibAction.class.php 第 536 行.

[ 2013-12-26T17:55:54+08:00 ] 127.0.0.1 /myt/index.php/Task/auto_update_task_process/tid/241/
INFO: [ app_begin ] --START--
INFO: Run ReadHtmlCache Behavior [ RunTime:0.000040s ]
INFO: [ app_begin ] --END-- [ RunTime:0.000066s ]
NOTIC: [8192] mysql_connect(): The mysql extension is deprecated and will be removed in the future: use mysqli or PDO instead /home/www/myhome.cn/ThinkPHP/Lib/Driver/Db/DbMysql.class.php 第 55 行.
SQL: SHOW COLUMNS FROM `task_lib` [ RunTime:0.000325s ]
NOTIC: [8192] preg_replace(): The /e modifier is deprecated, use preg_replace_callback instead /home/www/myhome.cn/ThinkPHP/Lib/Core/Db.class.php 第 568 行.
SQL: SELECT * FROM `task_lib` WHERE ( `T_id` = 241 ) LIMIT 1   [ RunTime:0.000116s ]
NOTIC: [8192] preg_replace(): The /e modifier is deprecated, use preg_replace_callback instead /home/www/myhome.cn/ThinkPHP/Lib/Core/Db.class.php 第 568 行.
SQL: SELECT * FROM `task_lib` WHERE ( `T_id` = 241 ) LIMIT 1   [ RunTime:0.000066s ]
SQL: UPDATE `task_lib` SET `T_process`='{\"exp_total_time\":1800,\"exp_start_time\":1381484580,\"exp_end_time\":1381486380,\"run_total_time\":0,\"run_start_time\":0,\"run_end_time\":0,\"pause_total_time\":0,\"pause_start_time\":0,\"pause_end_time\":0,\"wait_total_time\":0,\"wait_start_time\":0,\"wait_end_time\":0,\"stop_total_time\":0,\"stop_start_time\":0,\"stop_end_time\":0,\"start_time\":0,\"done_time\":0,\"forgo_time\":0}' WHERE ( T_id=241 ) [ RunTime:0.096491s ]

[ 2013-12-26T17:55:54+08:00 ] 127.0.0.1 /myt/index.php/Lib/show_task_process/tid/241/
INFO: [ app_begin ] --START--
INFO: Run ReadHtmlCache Behavior [ RunTime:0.000038s ]
INFO: [ app_begin ] --END-- [ RunTime:0.000066s ]
NOTIC: [8192] mysql_connect(): The mysql extension is deprecated and will be removed in the future: use mysqli or PDO instead /home/www/myhome.cn/ThinkPHP/Lib/Driver/Db/DbMysql.class.php 第 55 行.
SQL: SHOW COLUMNS FROM `task_lib` [ RunTime:0.000333s ]
NOTIC: [8192] preg_replace(): The /e modifier is deprecated, use preg_replace_callback instead /home/www/myhome.cn/ThinkPHP/Lib/Core/Db.class.php 第 568 行.
SQL: SELECT `T_process` FROM `task_lib` WHERE ( T_id = 241 ) LIMIT 1   [ RunTime:0.000111s ]

