[ 2013-11-14T17:33:50+08:00 ] 127.0.0.1 /myt/index.php/Task/auto_update_task_process/tid/myt/
INFO: [ app_begin ] --START--
INFO: Run ReadHtmlCache Behavior [ RunTime:0.003757s ]
INFO: [ app_begin ] --END-- [ RunTime:0.004587s ]
SQL: SHOW COLUMNS FROM `task_lib` [ RunTime:0.005375s ]
SQL: SELECT * FROM `task_lib` WHERE ( `T_id` = 0 ) LIMIT 1   [ RunTime:0.002921s ]
SQL: SELECT * FROM `task_lib` WHERE ( `T_id` = 0 ) LIMIT 1   [ RunTime:0.000531s ]
SQL: UPDATE `task_lib` SET `T_process`='[]' WHERE ( T_id=myt ) [ RunTime:0.000442s ]
ERR: Unknown column 'myt' in 'where clause'
 [ SQL语句 ] : UPDATE `task_lib` SET `T_process`='[]' WHERE ( T_id=myt )

[ 2013-11-14T17:33:50+08:00 ] 127.0.0.1 /myt/index.php/Lib/show_task_process/tid/myt/
INFO: [ app_begin ] --START--
INFO: Run ReadHtmlCache Behavior [ RunTime:0.004417s ]
INFO: [ app_begin ] --END-- [ RunTime:0.005217s ]
SQL: SHOW COLUMNS FROM `task_lib` [ RunTime:0.005504s ]
SQL: SELECT `T_process` FROM `task_lib` WHERE ( T_id = myt ) LIMIT 1   [ RunTime:0.002737s ]
ERR: Unknown column 'myt' in 'where clause'
 [ SQL语句 ] : SELECT `T_process` FROM `task_lib` WHERE ( T_id = myt ) LIMIT 1  
NOTIC: [8] Undefined index:  start_time E:\www\myhome.cn\myt\Lib\Action\LibAction.class.php 第 534 行.
NOTIC: [8] Undefined index:  done_time E:\www\myhome.cn\myt\Lib\Action\LibAction.class.php 第 535 行.
NOTIC: [8] Undefined index:  forgo_time E:\www\myhome.cn\myt\Lib\Action\LibAction.class.php 第 536 行.

