[ 2014-03-28T13:09:53+08:00 ] ERR: (ThinkException) Action:version您所请求的方法不存在！
[ 2014-03-28T13:11:10+08:00 ] 127.0.0.1 /myt/index.php/Task/auto_update_task_process/tid/myt/
INFO: [ app_begin ] --START--
INFO: Run ReadHtmlCache Behavior [ RunTime:0.000042s ]
INFO: [ app_begin ] --END-- [ RunTime:0.000070s ]
NOTIC: [8192] mysql_connect(): The mysql extension is deprecated and will be removed in the future: use mysqli or PDO instead /home/www/myhome.cn/ThinkPHP/Lib/Driver/Db/DbMysql.class.php 第 55 行.
SQL: SHOW COLUMNS FROM `task_lib` [ RunTime:0.000360s ]
NOTIC: [8192] preg_replace(): The /e modifier is deprecated, use preg_replace_callback instead /home/www/myhome.cn/ThinkPHP/Lib/Core/Db.class.php 第 568 行.
SQL: SELECT * FROM `task_lib` WHERE ( `T_id` = 0 ) LIMIT 1   [ RunTime:0.183664s ]
NOTIC: [8192] preg_replace(): The /e modifier is deprecated, use preg_replace_callback instead /home/www/myhome.cn/ThinkPHP/Lib/Core/Db.class.php 第 568 行.
SQL: SELECT * FROM `task_lib` WHERE ( `T_id` = 0 ) LIMIT 1   [ RunTime:0.000128s ]
SQL: UPDATE `task_lib` SET `T_process`='[]' WHERE ( T_id=myt ) [ RunTime:0.041834s ]
ERR: Unknown column 'myt' in 'where clause'
 [ SQL语句 ] : UPDATE `task_lib` SET `T_process`='[]' WHERE ( T_id=myt )

[ 2014-03-28T13:11:10+08:00 ] 127.0.0.1 /myt/index.php/Lib/show_task_process/tid/myt/
INFO: [ app_begin ] --START--
INFO: Run ReadHtmlCache Behavior [ RunTime:0.000048s ]
INFO: [ app_begin ] --END-- [ RunTime:0.000400s ]
NOTIC: [8192] mysql_connect(): The mysql extension is deprecated and will be removed in the future: use mysqli or PDO instead /home/www/myhome.cn/ThinkPHP/Lib/Driver/Db/DbMysql.class.php 第 55 行.
SQL: SHOW COLUMNS FROM `task_lib` [ RunTime:0.000641s ]
NOTIC: [8192] preg_replace(): The /e modifier is deprecated, use preg_replace_callback instead /home/www/myhome.cn/ThinkPHP/Lib/Core/Db.class.php 第 568 行.
SQL: SELECT `T_process` FROM `task_lib` WHERE ( T_id = myt ) LIMIT 1   [ RunTime:0.000068s ]
ERR: Unknown column 'myt' in 'where clause'
 [ SQL语句 ] : SELECT `T_process` FROM `task_lib` WHERE ( T_id = myt ) LIMIT 1  
NOTIC: [8] Undefined index: start_time /home/www/myhome.cn/myt/Lib/Action/LibAction.class.php 第 534 行.
NOTIC: [8] Undefined index: done_time /home/www/myhome.cn/myt/Lib/Action/LibAction.class.php 第 535 行.
NOTIC: [8] Undefined index: forgo_time /home/www/myhome.cn/myt/Lib/Action/LibAction.class.php 第 536 行.

[ 2014-03-28T13:11:13+08:00 ] 127.0.0.1 /myt/index.php/Task/auto_update_task_process/tid/myt/
INFO: [ app_begin ] --START--
INFO: Run ReadHtmlCache Behavior [ RunTime:0.000041s ]
INFO: [ app_begin ] --END-- [ RunTime:0.000069s ]
NOTIC: [8192] mysql_connect(): The mysql extension is deprecated and will be removed in the future: use mysqli or PDO instead /home/www/myhome.cn/ThinkPHP/Lib/Driver/Db/DbMysql.class.php 第 55 行.
SQL: SHOW COLUMNS FROM `task_lib` [ RunTime:0.000395s ]
NOTIC: [8192] preg_replace(): The /e modifier is deprecated, use preg_replace_callback instead /home/www/myhome.cn/ThinkPHP/Lib/Core/Db.class.php 第 568 行.
SQL: SELECT * FROM `task_lib` WHERE ( `T_id` = 0 ) LIMIT 1   [ RunTime:0.000127s ]
NOTIC: [8192] preg_replace(): The /e modifier is deprecated, use preg_replace_callback instead /home/www/myhome.cn/ThinkPHP/Lib/Core/Db.class.php 第 568 行.
SQL: SELECT * FROM `task_lib` WHERE ( `T_id` = 0 ) LIMIT 1   [ RunTime:0.000085s ]
SQL: UPDATE `task_lib` SET `T_process`='[]' WHERE ( T_id=myt ) [ RunTime:0.000062s ]
ERR: Unknown column 'myt' in 'where clause'
 [ SQL语句 ] : UPDATE `task_lib` SET `T_process`='[]' WHERE ( T_id=myt )

[ 2014-03-28T13:11:13+08:00 ] 127.0.0.1 /myt/index.php/Lib/show_task_process/tid/myt/
INFO: [ app_begin ] --START--
INFO: Run ReadHtmlCache Behavior [ RunTime:0.000042s ]
INFO: [ app_begin ] --END-- [ RunTime:0.000069s ]
NOTIC: [8192] mysql_connect(): The mysql extension is deprecated and will be removed in the future: use mysqli or PDO instead /home/www/myhome.cn/ThinkPHP/Lib/Driver/Db/DbMysql.class.php 第 55 行.
SQL: SHOW COLUMNS FROM `task_lib` [ RunTime:0.000356s ]
NOTIC: [8192] preg_replace(): The /e modifier is deprecated, use preg_replace_callback instead /home/www/myhome.cn/ThinkPHP/Lib/Core/Db.class.php 第 568 行.
SQL: SELECT `T_process` FROM `task_lib` WHERE ( T_id = myt ) LIMIT 1   [ RunTime:0.000066s ]
ERR: Unknown column 'myt' in 'where clause'
 [ SQL语句 ] : SELECT `T_process` FROM `task_lib` WHERE ( T_id = myt ) LIMIT 1  
NOTIC: [8] Undefined index: start_time /home/www/myhome.cn/myt/Lib/Action/LibAction.class.php 第 534 行.
NOTIC: [8] Undefined index: done_time /home/www/myhome.cn/myt/Lib/Action/LibAction.class.php 第 535 行.
NOTIC: [8] Undefined index: forgo_time /home/www/myhome.cn/myt/Lib/Action/LibAction.class.php 第 536 行.

[ 2014-03-28T13:17:13+08:00 ] 127.0.0.1 /myt/index.php/Lib/show_task_process/tid/myt/
INFO: [ app_begin ] --START--
INFO: Run ReadHtmlCache Behavior [ RunTime:0.000040s ]
INFO: [ app_begin ] --END-- [ RunTime:0.000067s ]
NOTIC: [8192] mysql_connect(): The mysql extension is deprecated and will be removed in the future: use mysqli or PDO instead /home/www/myhome.cn/ThinkPHP/Lib/Driver/Db/DbMysql.class.php 第 55 行.
SQL: SHOW COLUMNS FROM `task_lib` [ RunTime:0.000372s ]
NOTIC: [8192] preg_replace(): The /e modifier is deprecated, use preg_replace_callback instead /home/www/myhome.cn/ThinkPHP/Lib/Core/Db.class.php 第 568 行.
SQL: SELECT `T_process` FROM `task_lib` WHERE ( T_id = myt ) LIMIT 1   [ RunTime:0.000072s ]
ERR: Unknown column 'myt' in 'where clause'
 [ SQL语句 ] : SELECT `T_process` FROM `task_lib` WHERE ( T_id = myt ) LIMIT 1  
NOTIC: [8] Undefined index: start_time /home/www/myhome.cn/myt/Lib/Action/LibAction.class.php 第 534 行.
NOTIC: [8] Undefined index: done_time /home/www/myhome.cn/myt/Lib/Action/LibAction.class.php 第 535 行.
NOTIC: [8] Undefined index: forgo_time /home/www/myhome.cn/myt/Lib/Action/LibAction.class.php 第 536 行.

[ 2014-03-28T13:17:13+08:00 ] 127.0.0.1 /myt/index.php/Task/auto_update_task_process/tid/myt/
INFO: [ app_begin ] --START--
INFO: Run ReadHtmlCache Behavior [ RunTime:0.000038s ]
INFO: [ app_begin ] --END-- [ RunTime:0.000065s ]
NOTIC: [8192] mysql_connect(): The mysql extension is deprecated and will be removed in the future: use mysqli or PDO instead /home/www/myhome.cn/ThinkPHP/Lib/Driver/Db/DbMysql.class.php 第 55 行.
SQL: SHOW COLUMNS FROM `task_lib` [ RunTime:0.000336s ]
NOTIC: [8192] preg_replace(): The /e modifier is deprecated, use preg_replace_callback instead /home/www/myhome.cn/ThinkPHP/Lib/Core/Db.class.php 第 568 行.
SQL: SELECT * FROM `task_lib` WHERE ( `T_id` = 0 ) LIMIT 1   [ RunTime:0.016431s ]
NOTIC: [8192] preg_replace(): The /e modifier is deprecated, use preg_replace_callback instead /home/www/myhome.cn/ThinkPHP/Lib/Core/Db.class.php 第 568 行.
SQL: SELECT * FROM `task_lib` WHERE ( `T_id` = 0 ) LIMIT 1   [ RunTime:0.000126s ]
SQL: UPDATE `task_lib` SET `T_process`='[]' WHERE ( T_id=myt ) [ RunTime:0.000070s ]
ERR: Unknown column 'myt' in 'where clause'
 [ SQL语句 ] : UPDATE `task_lib` SET `T_process`='[]' WHERE ( T_id=myt )

[ 2014-03-28T17:37:13+08:00 ] 127.0.0.1 /myt/index.php/Task/auto_update_task_process/tid/myt/
INFO: [ app_begin ] --START--
INFO: Run ReadHtmlCache Behavior [ RunTime:0.000041s ]
INFO: [ app_begin ] --END-- [ RunTime:0.000069s ]
NOTIC: [8192] mysql_connect(): The mysql extension is deprecated and will be removed in the future: use mysqli or PDO instead /home/www/myhome.cn/ThinkPHP/Lib/Driver/Db/DbMysql.class.php 第 55 行.
SQL: SHOW COLUMNS FROM `task_lib` [ RunTime:0.000381s ]
NOTIC: [8192] preg_replace(): The /e modifier is deprecated, use preg_replace_callback instead /home/www/myhome.cn/ThinkPHP/Lib/Core/Db.class.php 第 568 行.
SQL: SELECT * FROM `task_lib` WHERE ( `T_id` = 0 ) LIMIT 1   [ RunTime:0.013136s ]
NOTIC: [8192] preg_replace(): The /e modifier is deprecated, use preg_replace_callback instead /home/www/myhome.cn/ThinkPHP/Lib/Core/Db.class.php 第 568 行.
SQL: SELECT * FROM `task_lib` WHERE ( `T_id` = 0 ) LIMIT 1   [ RunTime:0.000116s ]
SQL: UPDATE `task_lib` SET `T_process`='[]' WHERE ( T_id=myt ) [ RunTime:0.000114s ]
ERR: Unknown column 'myt' in 'where clause'
 [ SQL语句 ] : UPDATE `task_lib` SET `T_process`='[]' WHERE ( T_id=myt )

[ 2014-03-28T17:37:13+08:00 ] 127.0.0.1 /myt/index.php/Lib/show_task_process/tid/myt/
INFO: [ app_begin ] --START--
INFO: Run ReadHtmlCache Behavior [ RunTime:0.000041s ]
INFO: [ app_begin ] --END-- [ RunTime:0.000072s ]
NOTIC: [8192] mysql_connect(): The mysql extension is deprecated and will be removed in the future: use mysqli or PDO instead /home/www/myhome.cn/ThinkPHP/Lib/Driver/Db/DbMysql.class.php 第 55 行.
SQL: SHOW COLUMNS FROM `task_lib` [ RunTime:0.000371s ]
NOTIC: [8192] preg_replace(): The /e modifier is deprecated, use preg_replace_callback instead /home/www/myhome.cn/ThinkPHP/Lib/Core/Db.class.php 第 568 行.
SQL: SELECT `T_process` FROM `task_lib` WHERE ( T_id = myt ) LIMIT 1   [ RunTime:0.000074s ]
ERR: Unknown column 'myt' in 'where clause'
 [ SQL语句 ] : SELECT `T_process` FROM `task_lib` WHERE ( T_id = myt ) LIMIT 1  
NOTIC: [8] Undefined index: start_time /home/www/myhome.cn/myt/Lib/Action/LibAction.class.php 第 534 行.
NOTIC: [8] Undefined index: done_time /home/www/myhome.cn/myt/Lib/Action/LibAction.class.php 第 535 行.
NOTIC: [8] Undefined index: forgo_time /home/www/myhome.cn/myt/Lib/Action/LibAction.class.php 第 536 行.

[ 2014-03-28T17:39:38+08:00 ] 127.0.0.1 /myt/index.php/Task/auto_update_task_process/tid/myt/
INFO: [ app_begin ] --START--
INFO: Run ReadHtmlCache Behavior [ RunTime:0.000040s ]
INFO: [ app_begin ] --END-- [ RunTime:0.000070s ]
NOTIC: [8192] mysql_connect(): The mysql extension is deprecated and will be removed in the future: use mysqli or PDO instead /home/www/myhome.cn/ThinkPHP/Lib/Driver/Db/DbMysql.class.php 第 55 行.
SQL: SHOW COLUMNS FROM `task_lib` [ RunTime:0.000367s ]
NOTIC: [8192] preg_replace(): The /e modifier is deprecated, use preg_replace_callback instead /home/www/myhome.cn/ThinkPHP/Lib/Core/Db.class.php 第 568 行.
SQL: SELECT * FROM `task_lib` WHERE ( `T_id` = 0 ) LIMIT 1   [ RunTime:0.000111s ]
NOTIC: [8192] preg_replace(): The /e modifier is deprecated, use preg_replace_callback instead /home/www/myhome.cn/ThinkPHP/Lib/Core/Db.class.php 第 568 行.
SQL: SELECT * FROM `task_lib` WHERE ( `T_id` = 0 ) LIMIT 1   [ RunTime:0.000062s ]
SQL: UPDATE `task_lib` SET `T_process`='[]' WHERE ( T_id=myt ) [ RunTime:0.000063s ]
ERR: Unknown column 'myt' in 'where clause'
 [ SQL语句 ] : UPDATE `task_lib` SET `T_process`='[]' WHERE ( T_id=myt )

[ 2014-03-28T17:39:38+08:00 ] 127.0.0.1 /myt/index.php/Lib/show_task_process/tid/myt/
INFO: [ app_begin ] --START--
INFO: Run ReadHtmlCache Behavior [ RunTime:0.000040s ]
INFO: [ app_begin ] --END-- [ RunTime:0.000070s ]
NOTIC: [8192] mysql_connect(): The mysql extension is deprecated and will be removed in the future: use mysqli or PDO instead /home/www/myhome.cn/ThinkPHP/Lib/Driver/Db/DbMysql.class.php 第 55 行.
SQL: SHOW COLUMNS FROM `task_lib` [ RunTime:0.007907s ]
NOTIC: [8192] preg_replace(): The /e modifier is deprecated, use preg_replace_callback instead /home/www/myhome.cn/ThinkPHP/Lib/Core/Db.class.php 第 568 行.
SQL: SELECT `T_process` FROM `task_lib` WHERE ( T_id = myt ) LIMIT 1   [ RunTime:0.000144s ]
ERR: Unknown column 'myt' in 'where clause'
 [ SQL语句 ] : SELECT `T_process` FROM `task_lib` WHERE ( T_id = myt ) LIMIT 1  
NOTIC: [8] Undefined index: start_time /home/www/myhome.cn/myt/Lib/Action/LibAction.class.php 第 534 行.
NOTIC: [8] Undefined index: done_time /home/www/myhome.cn/myt/Lib/Action/LibAction.class.php 第 535 行.
NOTIC: [8] Undefined index: forgo_time /home/www/myhome.cn/myt/Lib/Action/LibAction.class.php 第 536 行.

[ 2014-03-28T17:40:04+08:00 ] 127.0.0.1 /myt/index.php/Task/auto_update_task_process/tid/myt/
INFO: [ app_begin ] --START--
INFO: Run ReadHtmlCache Behavior [ RunTime:0.000041s ]
INFO: [ app_begin ] --END-- [ RunTime:0.000070s ]
NOTIC: [8192] mysql_connect(): The mysql extension is deprecated and will be removed in the future: use mysqli or PDO instead /home/www/myhome.cn/ThinkPHP/Lib/Driver/Db/DbMysql.class.php 第 55 行.
SQL: SHOW COLUMNS FROM `task_lib` [ RunTime:0.000371s ]
NOTIC: [8192] preg_replace(): The /e modifier is deprecated, use preg_replace_callback instead /home/www/myhome.cn/ThinkPHP/Lib/Core/Db.class.php 第 568 行.
SQL: SELECT * FROM `task_lib` WHERE ( `T_id` = 0 ) LIMIT 1   [ RunTime:0.000158s ]
NOTIC: [8192] preg_replace(): The /e modifier is deprecated, use preg_replace_callback instead /home/www/myhome.cn/ThinkPHP/Lib/Core/Db.class.php 第 568 行.
SQL: SELECT * FROM `task_lib` WHERE ( `T_id` = 0 ) LIMIT 1   [ RunTime:0.000081s ]
SQL: UPDATE `task_lib` SET `T_process`='[]' WHERE ( T_id=myt ) [ RunTime:0.000055s ]
ERR: Unknown column 'myt' in 'where clause'
 [ SQL语句 ] : UPDATE `task_lib` SET `T_process`='[]' WHERE ( T_id=myt )

[ 2014-03-28T17:40:04+08:00 ] 127.0.0.1 /myt/index.php/Lib/show_task_process/tid/myt/
INFO: [ app_begin ] --START--
INFO: Run ReadHtmlCache Behavior [ RunTime:0.000041s ]
INFO: [ app_begin ] --END-- [ RunTime:0.000069s ]
NOTIC: [8192] mysql_connect(): The mysql extension is deprecated and will be removed in the future: use mysqli or PDO instead /home/www/myhome.cn/ThinkPHP/Lib/Driver/Db/DbMysql.class.php 第 55 行.
SQL: SHOW COLUMNS FROM `task_lib` [ RunTime:0.000367s ]
NOTIC: [8192] preg_replace(): The /e modifier is deprecated, use preg_replace_callback instead /home/www/myhome.cn/ThinkPHP/Lib/Core/Db.class.php 第 568 行.
SQL: SELECT `T_process` FROM `task_lib` WHERE ( T_id = myt ) LIMIT 1   [ RunTime:0.000113s ]
ERR: Unknown column 'myt' in 'where clause'
 [ SQL语句 ] : SELECT `T_process` FROM `task_lib` WHERE ( T_id = myt ) LIMIT 1  
NOTIC: [8] Undefined index: start_time /home/www/myhome.cn/myt/Lib/Action/LibAction.class.php 第 534 行.
NOTIC: [8] Undefined index: done_time /home/www/myhome.cn/myt/Lib/Action/LibAction.class.php 第 535 行.
NOTIC: [8] Undefined index: forgo_time /home/www/myhome.cn/myt/Lib/Action/LibAction.class.php 第 536 行.

[ 2014-03-28T17:40:19+08:00 ] 127.0.0.1 /myt/index.php/Lib/show_task_process/tid/myt/
INFO: [ app_begin ] --START--
INFO: Run ReadHtmlCache Behavior [ RunTime:0.000040s ]
INFO: [ app_begin ] --END-- [ RunTime:0.000067s ]
NOTIC: [8192] mysql_connect(): The mysql extension is deprecated and will be removed in the future: use mysqli or PDO instead /home/www/myhome.cn/ThinkPHP/Lib/Driver/Db/DbMysql.class.php 第 55 行.
SQL: SHOW COLUMNS FROM `task_lib` [ RunTime:0.000373s ]
NOTIC: [8192] preg_replace(): The /e modifier is deprecated, use preg_replace_callback instead /home/www/myhome.cn/ThinkPHP/Lib/Core/Db.class.php 第 568 行.
SQL: SELECT `T_process` FROM `task_lib` WHERE ( T_id = myt ) LIMIT 1   [ RunTime:0.000078s ]
ERR: Unknown column 'myt' in 'where clause'
 [ SQL语句 ] : SELECT `T_process` FROM `task_lib` WHERE ( T_id = myt ) LIMIT 1  
NOTIC: [8] Undefined index: start_time /home/www/myhome.cn/myt/Lib/Action/LibAction.class.php 第 534 行.
NOTIC: [8] Undefined index: done_time /home/www/myhome.cn/myt/Lib/Action/LibAction.class.php 第 535 行.
NOTIC: [8] Undefined index: forgo_time /home/www/myhome.cn/myt/Lib/Action/LibAction.class.php 第 536 行.

[ 2014-03-28T17:40:19+08:00 ] 127.0.0.1 /myt/index.php/Task/auto_update_task_process/tid/myt/
INFO: [ app_begin ] --START--
INFO: Run ReadHtmlCache Behavior [ RunTime:0.000040s ]
INFO: [ app_begin ] --END-- [ RunTime:0.000067s ]
NOTIC: [8192] mysql_connect(): The mysql extension is deprecated and will be removed in the future: use mysqli or PDO instead /home/www/myhome.cn/ThinkPHP/Lib/Driver/Db/DbMysql.class.php 第 55 行.
SQL: SHOW COLUMNS FROM `task_lib` [ RunTime:0.000327s ]
NOTIC: [8192] preg_replace(): The /e modifier is deprecated, use preg_replace_callback instead /home/www/myhome.cn/ThinkPHP/Lib/Core/Db.class.php 第 568 行.
SQL: SELECT * FROM `task_lib` WHERE ( `T_id` = 0 ) LIMIT 1   [ RunTime:0.000116s ]
NOTIC: [8192] preg_replace(): The /e modifier is deprecated, use preg_replace_callback instead /home/www/myhome.cn/ThinkPHP/Lib/Core/Db.class.php 第 568 行.
SQL: SELECT * FROM `task_lib` WHERE ( `T_id` = 0 ) LIMIT 1   [ RunTime:0.000090s ]
SQL: UPDATE `task_lib` SET `T_process`='[]' WHERE ( T_id=myt ) [ RunTime:0.000058s ]
ERR: Unknown column 'myt' in 'where clause'
 [ SQL语句 ] : UPDATE `task_lib` SET `T_process`='[]' WHERE ( T_id=myt )

[ 2014-03-28T17:42:21+08:00 ] 127.0.0.1 /myt/index.php/Task/auto_update_task_process/tid/myt/
INFO: [ app_begin ] --START--
INFO: Run ReadHtmlCache Behavior [ RunTime:0.000041s ]
INFO: [ app_begin ] --END-- [ RunTime:0.000071s ]
NOTIC: [8192] mysql_connect(): The mysql extension is deprecated and will be removed in the future: use mysqli or PDO instead /home/www/myhome.cn/ThinkPHP/Lib/Driver/Db/DbMysql.class.php 第 55 行.
SQL: SHOW COLUMNS FROM `task_lib` [ RunTime:0.000386s ]
NOTIC: [8192] preg_replace(): The /e modifier is deprecated, use preg_replace_callback instead /home/www/myhome.cn/ThinkPHP/Lib/Core/Db.class.php 第 568 行.
SQL: SELECT * FROM `task_lib` WHERE ( `T_id` = 0 ) LIMIT 1   [ RunTime:0.000119s ]
NOTIC: [8192] preg_replace(): The /e modifier is deprecated, use preg_replace_callback instead /home/www/myhome.cn/ThinkPHP/Lib/Core/Db.class.php 第 568 行.
SQL: SELECT * FROM `task_lib` WHERE ( `T_id` = 0 ) LIMIT 1   [ RunTime:0.000073s ]
SQL: UPDATE `task_lib` SET `T_process`='[]' WHERE ( T_id=myt ) [ RunTime:0.000056s ]
ERR: Unknown column 'myt' in 'where clause'
 [ SQL语句 ] : UPDATE `task_lib` SET `T_process`='[]' WHERE ( T_id=myt )

[ 2014-03-28T17:42:21+08:00 ] 127.0.0.1 /myt/index.php/Lib/show_task_process/tid/myt/
INFO: [ app_begin ] --START--
INFO: Run ReadHtmlCache Behavior [ RunTime:0.000045s ]
INFO: [ app_begin ] --END-- [ RunTime:0.000079s ]
NOTIC: [8192] mysql_connect(): The mysql extension is deprecated and will be removed in the future: use mysqli or PDO instead /home/www/myhome.cn/ThinkPHP/Lib/Driver/Db/DbMysql.class.php 第 55 行.
SQL: SHOW COLUMNS FROM `task_lib` [ RunTime:0.000486s ]
NOTIC: [8192] preg_replace(): The /e modifier is deprecated, use preg_replace_callback instead /home/www/myhome.cn/ThinkPHP/Lib/Core/Db.class.php 第 568 行.
SQL: SELECT `T_process` FROM `task_lib` WHERE ( T_id = myt ) LIMIT 1   [ RunTime:0.000066s ]
ERR: Unknown column 'myt' in 'where clause'
 [ SQL语句 ] : SELECT `T_process` FROM `task_lib` WHERE ( T_id = myt ) LIMIT 1  
NOTIC: [8] Undefined index: start_time /home/www/myhome.cn/myt/Lib/Action/LibAction.class.php 第 534 行.
NOTIC: [8] Undefined index: done_time /home/www/myhome.cn/myt/Lib/Action/LibAction.class.php 第 535 行.
NOTIC: [8] Undefined index: forgo_time /home/www/myhome.cn/myt/Lib/Action/LibAction.class.php 第 536 行.

[ 2014-03-28T17:43:33+08:00 ] 127.0.0.1 /myt/index.php/Task/auto_update_task_process/tid/myt/
INFO: [ app_begin ] --START--
INFO: Run ReadHtmlCache Behavior [ RunTime:0.000042s ]
INFO: [ app_begin ] --END-- [ RunTime:0.000075s ]
NOTIC: [8192] mysql_connect(): The mysql extension is deprecated and will be removed in the future: use mysqli or PDO instead /home/www/myhome.cn/ThinkPHP/Lib/Driver/Db/DbMysql.class.php 第 55 行.
SQL: SHOW COLUMNS FROM `task_lib` [ RunTime:0.000728s ]
NOTIC: [8192] preg_replace(): The /e modifier is deprecated, use preg_replace_callback instead /home/www/myhome.cn/ThinkPHP/Lib/Core/Db.class.php 第 568 行.
SQL: SELECT * FROM `task_lib` WHERE ( `T_id` = 0 ) LIMIT 1   [ RunTime:0.000115s ]
NOTIC: [8192] preg_replace(): The /e modifier is deprecated, use preg_replace_callback instead /home/www/myhome.cn/ThinkPHP/Lib/Core/Db.class.php 第 568 行.
SQL: SELECT * FROM `task_lib` WHERE ( `T_id` = 0 ) LIMIT 1   [ RunTime:0.000061s ]
SQL: UPDATE `task_lib` SET `T_process`='[]' WHERE ( T_id=myt ) [ RunTime:0.000064s ]
ERR: Unknown column 'myt' in 'where clause'
 [ SQL语句 ] : UPDATE `task_lib` SET `T_process`='[]' WHERE ( T_id=myt )

[ 2014-03-28T17:43:33+08:00 ] 127.0.0.1 /myt/index.php/Lib/show_task_process/tid/myt/
INFO: [ app_begin ] --START--
INFO: Run ReadHtmlCache Behavior [ RunTime:0.000040s ]
INFO: [ app_begin ] --END-- [ RunTime:0.000069s ]
NOTIC: [8192] mysql_connect(): The mysql extension is deprecated and will be removed in the future: use mysqli or PDO instead /home/www/myhome.cn/ThinkPHP/Lib/Driver/Db/DbMysql.class.php 第 55 行.
SQL: SHOW COLUMNS FROM `task_lib` [ RunTime:0.000368s ]
NOTIC: [8192] preg_replace(): The /e modifier is deprecated, use preg_replace_callback instead /home/www/myhome.cn/ThinkPHP/Lib/Core/Db.class.php 第 568 行.
SQL: SELECT `T_process` FROM `task_lib` WHERE ( T_id = myt ) LIMIT 1   [ RunTime:0.000094s ]
ERR: Unknown column 'myt' in 'where clause'
 [ SQL语句 ] : SELECT `T_process` FROM `task_lib` WHERE ( T_id = myt ) LIMIT 1  
NOTIC: [8] Undefined index: start_time /home/www/myhome.cn/myt/Lib/Action/LibAction.class.php 第 534 行.
NOTIC: [8] Undefined index: done_time /home/www/myhome.cn/myt/Lib/Action/LibAction.class.php 第 535 行.
NOTIC: [8] Undefined index: forgo_time /home/www/myhome.cn/myt/Lib/Action/LibAction.class.php 第 536 行.

[ 2014-03-28T17:44:13+08:00 ] 127.0.0.1 /myt/index.php/Task/auto_update_task_process/tid/myt/
INFO: [ app_begin ] --START--
INFO: Run ReadHtmlCache Behavior [ RunTime:0.000040s ]
INFO: [ app_begin ] --END-- [ RunTime:0.000068s ]
NOTIC: [8192] mysql_connect(): The mysql extension is deprecated and will be removed in the future: use mysqli or PDO instead /home/www/myhome.cn/ThinkPHP/Lib/Driver/Db/DbMysql.class.php 第 55 行.
SQL: SHOW COLUMNS FROM `task_lib` [ RunTime:0.000467s ]
NOTIC: [8192] preg_replace(): The /e modifier is deprecated, use preg_replace_callback instead /home/www/myhome.cn/ThinkPHP/Lib/Core/Db.class.php 第 568 行.
SQL: SELECT * FROM `task_lib` WHERE ( `T_id` = 0 ) LIMIT 1   [ RunTime:0.000154s ]
NOTIC: [8192] preg_replace(): The /e modifier is deprecated, use preg_replace_callback instead /home/www/myhome.cn/ThinkPHP/Lib/Core/Db.class.php 第 568 行.
SQL: SELECT * FROM `task_lib` WHERE ( `T_id` = 0 ) LIMIT 1   [ RunTime:0.000082s ]
SQL: UPDATE `task_lib` SET `T_process`='[]' WHERE ( T_id=myt ) [ RunTime:0.000055s ]
ERR: Unknown column 'myt' in 'where clause'
 [ SQL语句 ] : UPDATE `task_lib` SET `T_process`='[]' WHERE ( T_id=myt )

[ 2014-03-28T17:44:13+08:00 ] 127.0.0.1 /myt/index.php/Lib/show_task_process/tid/myt/
INFO: [ app_begin ] --START--
INFO: Run ReadHtmlCache Behavior [ RunTime:0.000039s ]
INFO: [ app_begin ] --END-- [ RunTime:0.000065s ]
NOTIC: [8192] mysql_connect(): The mysql extension is deprecated and will be removed in the future: use mysqli or PDO instead /home/www/myhome.cn/ThinkPHP/Lib/Driver/Db/DbMysql.class.php 第 55 行.
SQL: SHOW COLUMNS FROM `task_lib` [ RunTime:0.000371s ]
NOTIC: [8192] preg_replace(): The /e modifier is deprecated, use preg_replace_callback instead /home/www/myhome.cn/ThinkPHP/Lib/Core/Db.class.php 第 568 行.
SQL: SELECT `T_process` FROM `task_lib` WHERE ( T_id = myt ) LIMIT 1   [ RunTime:0.000065s ]
ERR: Unknown column 'myt' in 'where clause'
 [ SQL语句 ] : SELECT `T_process` FROM `task_lib` WHERE ( T_id = myt ) LIMIT 1  
NOTIC: [8] Undefined index: start_time /home/www/myhome.cn/myt/Lib/Action/LibAction.class.php 第 534 行.
NOTIC: [8] Undefined index: done_time /home/www/myhome.cn/myt/Lib/Action/LibAction.class.php 第 535 行.
NOTIC: [8] Undefined index: forgo_time /home/www/myhome.cn/myt/Lib/Action/LibAction.class.php 第 536 行.

[ 2014-03-28T17:46:37+08:00 ] 127.0.0.1 /myt/index.php/Task/auto_update_task_process/tid/myt/
INFO: [ app_begin ] --START--
INFO: Run ReadHtmlCache Behavior [ RunTime:0.000040s ]
INFO: [ app_begin ] --END-- [ RunTime:0.000067s ]
NOTIC: [8192] mysql_connect(): The mysql extension is deprecated and will be removed in the future: use mysqli or PDO instead /home/www/myhome.cn/ThinkPHP/Lib/Driver/Db/DbMysql.class.php 第 55 行.
SQL: SHOW COLUMNS FROM `task_lib` [ RunTime:0.000382s ]
NOTIC: [8192] preg_replace(): The /e modifier is deprecated, use preg_replace_callback instead /home/www/myhome.cn/ThinkPHP/Lib/Core/Db.class.php 第 568 行.
SQL: SELECT * FROM `task_lib` WHERE ( `T_id` = 0 ) LIMIT 1   [ RunTime:0.000143s ]
NOTIC: [8192] preg_replace(): The /e modifier is deprecated, use preg_replace_callback instead /home/www/myhome.cn/ThinkPHP/Lib/Core/Db.class.php 第 568 行.
SQL: SELECT * FROM `task_lib` WHERE ( `T_id` = 0 ) LIMIT 1   [ RunTime:0.000083s ]
SQL: UPDATE `task_lib` SET `T_process`='[]' WHERE ( T_id=myt ) [ RunTime:0.000064s ]
ERR: Unknown column 'myt' in 'where clause'
 [ SQL语句 ] : UPDATE `task_lib` SET `T_process`='[]' WHERE ( T_id=myt )

[ 2014-03-28T17:46:37+08:00 ] 127.0.0.1 /myt/index.php/Lib/show_task_process/tid/myt/
INFO: [ app_begin ] --START--
INFO: Run ReadHtmlCache Behavior [ RunTime:0.000040s ]
INFO: [ app_begin ] --END-- [ RunTime:0.000066s ]
NOTIC: [8192] mysql_connect(): The mysql extension is deprecated and will be removed in the future: use mysqli or PDO instead /home/www/myhome.cn/ThinkPHP/Lib/Driver/Db/DbMysql.class.php 第 55 行.
SQL: SHOW COLUMNS FROM `task_lib` [ RunTime:0.000574s ]
NOTIC: [8192] preg_replace(): The /e modifier is deprecated, use preg_replace_callback instead /home/www/myhome.cn/ThinkPHP/Lib/Core/Db.class.php 第 568 行.
SQL: SELECT `T_process` FROM `task_lib` WHERE ( T_id = myt ) LIMIT 1   [ RunTime:0.000069s ]
ERR: Unknown column 'myt' in 'where clause'
 [ SQL语句 ] : SELECT `T_process` FROM `task_lib` WHERE ( T_id = myt ) LIMIT 1  
NOTIC: [8] Undefined index: start_time /home/www/myhome.cn/myt/Lib/Action/LibAction.class.php 第 534 行.
NOTIC: [8] Undefined index: done_time /home/www/myhome.cn/myt/Lib/Action/LibAction.class.php 第 535 行.
NOTIC: [8] Undefined index: forgo_time /home/www/myhome.cn/myt/Lib/Action/LibAction.class.php 第 536 行.

[ 2014-03-28T17:46:50+08:00 ] 127.0.0.1 /myt/index.php/Task/auto_update_task_process/tid/myt/
INFO: [ app_begin ] --START--
INFO: Run ReadHtmlCache Behavior [ RunTime:0.000041s ]
INFO: [ app_begin ] --END-- [ RunTime:0.000068s ]
NOTIC: [8192] mysql_connect(): The mysql extension is deprecated and will be removed in the future: use mysqli or PDO instead /home/www/myhome.cn/ThinkPHP/Lib/Driver/Db/DbMysql.class.php 第 55 行.
SQL: SHOW COLUMNS FROM `task_lib` [ RunTime:0.000367s ]
NOTIC: [8192] preg_replace(): The /e modifier is deprecated, use preg_replace_callback instead /home/www/myhome.cn/ThinkPHP/Lib/Core/Db.class.php 第 568 行.
SQL: SELECT * FROM `task_lib` WHERE ( `T_id` = 0 ) LIMIT 1   [ RunTime:0.000113s ]
NOTIC: [8192] preg_replace(): The /e modifier is deprecated, use preg_replace_callback instead /home/www/myhome.cn/ThinkPHP/Lib/Core/Db.class.php 第 568 行.
SQL: SELECT * FROM `task_lib` WHERE ( `T_id` = 0 ) LIMIT 1   [ RunTime:0.000073s ]
SQL: UPDATE `task_lib` SET `T_process`='[]' WHERE ( T_id=myt ) [ RunTime:0.000054s ]
ERR: Unknown column 'myt' in 'where clause'
 [ SQL语句 ] : UPDATE `task_lib` SET `T_process`='[]' WHERE ( T_id=myt )

[ 2014-03-28T17:46:50+08:00 ] 127.0.0.1 /myt/index.php/Lib/show_task_process/tid/myt/
INFO: [ app_begin ] --START--
INFO: Run ReadHtmlCache Behavior [ RunTime:0.000040s ]
INFO: [ app_begin ] --END-- [ RunTime:0.000068s ]
NOTIC: [8192] mysql_connect(): The mysql extension is deprecated and will be removed in the future: use mysqli or PDO instead /home/www/myhome.cn/ThinkPHP/Lib/Driver/Db/DbMysql.class.php 第 55 行.
SQL: SHOW COLUMNS FROM `task_lib` [ RunTime:0.000338s ]
NOTIC: [8192] preg_replace(): The /e modifier is deprecated, use preg_replace_callback instead /home/www/myhome.cn/ThinkPHP/Lib/Core/Db.class.php 第 568 行.
SQL: SELECT `T_process` FROM `task_lib` WHERE ( T_id = myt ) LIMIT 1   [ RunTime:0.000077s ]
ERR: Unknown column 'myt' in 'where clause'
 [ SQL语句 ] : SELECT `T_process` FROM `task_lib` WHERE ( T_id = myt ) LIMIT 1  
NOTIC: [8] Undefined index: start_time /home/www/myhome.cn/myt/Lib/Action/LibAction.class.php 第 534 行.
NOTIC: [8] Undefined index: done_time /home/www/myhome.cn/myt/Lib/Action/LibAction.class.php 第 535 行.
NOTIC: [8] Undefined index: forgo_time /home/www/myhome.cn/myt/Lib/Action/LibAction.class.php 第 536 行.

